<?xml version="1.0" encoding="UTF-8"?>
<testsuite xmlns:xsi="http://www.w3.org/2001/XMLSchema-instance" xsi:noNamespaceSchemaLocation="https://maven.apache.org/surefire/maven-surefire-plugin/xsd/surefire-test-report-3.0.xsd" version="3.0" name="TestRunners.TestRunner" time="232.983" tests="58" errors="17" skipped="0" failures="22">
  <properties>
[...]
</properties>
  <testcase name="User on login page and login with inavalid and validinputs from Excel&quot;Sheet1&quot; and0" classname="User enter valid and invalid credentials for login" time="19.025">
    <failure message="Multiple Failures (2 failures)&#10;	org.openqa.selenium.SessionNotCreatedException: Could not start a new session. Response code 500. Message: unknown error: Chrome failed to start: exited normally.&#10;  (unknown error: DevToolsActivePort file doesn&apos;t exist)&#10;  (The process started from chrome location C:\Program Files\Google\Chrome\Application\chrome.exe is no longer running, so ChromeDriver is assuming that Chrome has crashed.) &#10;Host info: host: &apos;DESKTOP-AIO&apos;, ip: &apos;192.168.1.154&apos;&#10;Build info: version: &apos;4.9.0&apos;, revision: &apos;d7057100a6&apos;&#10;System info: os.name: &apos;Windows 11&apos;, os.arch: &apos;amd64&apos;, os.version: &apos;10.0&apos;, java.version: &apos;20.0.1&apos;&#10;Driver info: org.openqa.selenium.chrome.ChromeDriver&#10;Command: [null, newSession {capabilities=[Capabilities {browserName: chrome, goog:chromeOptions: {args: [--remote-allow-origins=*], extensions: []}}]}]&#10;	java.lang.NullPointerException: Cannot invoke &quot;org.openqa.selenium.TakesScreenshot.getScreenshotAs(org.openqa.selenium.OutputType)&quot; because the return value of &quot;DriverFactory.driversetup.getDriver()&quot; is null" type="org.opentest4j.MultipleFailuresError"><![CDATA[org.opentest4j.MultipleFailuresError: 
Multiple Failures (2 failures)
	org.openqa.selenium.SessionNotCreatedException: Could not start a new session. Response code 500. Message: unknown error: Chrome failed to start: exited normally.
  (unknown error: DevToolsActivePort file doesn't exist)
  (The process started from chrome location C:\Program Files\Google\Chrome\Application\chrome.exe is no longer running, so ChromeDriver is assuming that Chrome has crashed.) 
Host info: host: 'DESKTOP-AIO', ip: '192.168.1.154'
Build info: version: '4.9.0', revision: 'd7057100a6'
System info: os.name: 'Windows 11', os.arch: 'amd64', os.version: '10.0', java.version: '20.0.1'
Driver info: org.openqa.selenium.chrome.ChromeDriver
Command: [null, newSession {capabilities=[Capabilities {browserName: chrome, goog:chromeOptions: {args: [--remote-allow-origins=*], extensions: []}}]}]
	java.lang.NullPointerException: Cannot invoke "org.openqa.selenium.TakesScreenshot.getScreenshotAs(org.openqa.selenium.OutputType)" because the return value of "DriverFactory.driversetup.getDriver()" is null
	at org.junit.vintage.engine.execution.TestRun.getStoredResultOrSuccessful(TestRun.java:196)
	at org.junit.vintage.engine.execution.RunListenerAdapter.fireExecutionFinished(RunListenerAdapter.java:226)
	at org.junit.vintage.engine.execution.RunListenerAdapter.testFinished(RunListenerAdapter.java:192)
	at org.junit.vintage.engine.execution.RunListenerAdapter.testFinished(RunListenerAdapter.java:79)
	at org.junit.runner.notification.SynchronizedRunListener.testFinished(SynchronizedRunListener.java:87)
	at org.junit.runner.notification.RunNotifier$9.notifyListener(RunNotifier.java:225)
	at org.junit.runner.notification.RunNotifier$SafeNotifier.run(RunNotifier.java:72)
	at org.junit.runner.notification.RunNotifier.fireTestFinished(RunNotifier.java:222)
	at io.cucumber.junit.FeatureRunner.runChild(FeatureRunner.java:150)
	at io.cucumber.junit.FeatureRunner.runChild(FeatureRunner.java:28)
	at org.junit.runners.ParentRunner$4.run(ParentRunner.java:331)
	at org.junit.runners.ParentRunner$1.schedule(ParentRunner.java:79)
	at org.junit.runners.ParentRunner.runChildren(ParentRunner.java:329)
	at org.junit.runners.ParentRunner.access$100(ParentRunner.java:66)
	at org.junit.runners.ParentRunner$2.evaluate(ParentRunner.java:293)
	at org.junit.runners.ParentRunner$3.evaluate(ParentRunner.java:306)
	at org.junit.runners.ParentRunner.run(ParentRunner.java:413)
	at io.cucumber.junit.FeatureRunner.run(FeatureRunner.java:137)
	at io.cucumber.junit.Cucumber.runChild(Cucumber.java:196)
	at io.cucumber.junit.Cucumber.runChild(Cucumber.java:89)
	at org.junit.runners.ParentRunner$4.run(ParentRunner.java:331)
	at org.junit.runners.ParentRunner$1.schedule(ParentRunner.java:79)
	at org.junit.runners.ParentRunner.runChildren(ParentRunner.java:329)
	at org.junit.runners.ParentRunner.access$100(ParentRunner.java:66)
	at org.junit.runners.ParentRunner$2.evaluate(ParentRunner.java:293)
	at io.cucumber.junit.Cucumber$RunBeforeAllHooks.evaluate(Cucumber.java:266)
	at io.cucumber.junit.Cucumber$RunAfterAllHooks.evaluate(Cucumber.java:281)
	at io.cucumber.junit.Cucumber$StartTestRun.evaluate(Cucumber.java:233)
	at io.cucumber.junit.Cucumber$FinishTestRun.evaluate(Cucumber.java:248)
	at org.junit.runners.ParentRunner$3.evaluate(ParentRunner.java:306)
	at org.junit.runners.ParentRunner.run(ParentRunner.java:413)
	at org.junit.runner.JUnitCore.run(JUnitCore.java:137)
	at org.junit.runner.JUnitCore.run(JUnitCore.java:115)
	at org.junit.vintage.engine.execution.RunnerExecutor.execute(RunnerExecutor.java:43)
	at java.base/java.util.stream.ForEachOps$ForEachOp$OfRef.accept(ForEachOps.java:183)
	at java.base/java.util.stream.ReferencePipeline$3$1.accept(ReferencePipeline.java:197)
	at java.base/java.util.Iterator.forEachRemaining(Iterator.java:133)
	at java.base/java.util.Spliterators$IteratorSpliterator.forEachRemaining(Spliterators.java:1921)
	at java.base/java.util.stream.AbstractPipeline.copyInto(AbstractPipeline.java:509)
	at java.base/java.util.stream.AbstractPipeline.wrapAndCopyInto(AbstractPipeline.java:499)
	at java.base/java.util.stream.ForEachOps$ForEachOp.evaluateSequential(ForEachOps.java:150)
	at java.base/java.util.stream.ForEachOps$ForEachOp$OfRef.evaluateSequential(ForEachOps.java:173)
	at java.base/java.util.stream.AbstractPipeline.evaluate(AbstractPipeline.java:234)
	at java.base/java.util.stream.ReferencePipeline.forEach(ReferencePipeline.java:596)
	at org.junit.vintage.engine.VintageTestEngine.executeAllChildren(VintageTestEngine.java:82)
	at org.junit.vintage.engine.VintageTestEngine.execute(VintageTestEngine.java:73)
	at org.junit.platform.launcher.core.EngineExecutionOrchestrator.execute(EngineExecutionOrchestrator.java:108)
	at org.junit.platform.launcher.core.EngineExecutionOrchestrator.execute(EngineExecutionOrchestrator.java:88)
	at org.junit.platform.launcher.core.EngineExecutionOrchestrator.lambda$execute$0(EngineExecutionOrchestrator.java:54)
	at org.junit.platform.launcher.core.EngineExecutionOrchestrator.withInterceptedStreams(EngineExecutionOrchestrator.java:67)
	at org.junit.platform.launcher.core.EngineExecutionOrchestrator.execute(EngineExecutionOrchestrator.java:52)
	at org.junit.platform.launcher.core.DefaultLauncher.execute(DefaultLauncher.java:96)
	at org.junit.platform.launcher.core.DefaultLauncher.execute(DefaultLauncher.java:75)
	at org.apache.maven.surefire.junitplatform.LazyLauncher.execute(LazyLauncher.java:50)
	at org.apache.maven.surefire.junitplatform.JUnitPlatformProvider.execute(JUnitPlatformProvider.java:184)
	at org.apache.maven.surefire.junitplatform.JUnitPlatformProvider.invokeAllTests(JUnitPlatformProvider.java:148)
	at org.apache.maven.surefire.junitplatform.JUnitPlatformProvider.invoke(JUnitPlatformProvider.java:122)
	at org.apache.maven.surefire.booter.ForkedBooter.runSuitesInProcess(ForkedBooter.java:385)
	at org.apache.maven.surefire.booter.ForkedBooter.execute(ForkedBooter.java:162)
	at org.apache.maven.surefire.booter.ForkedBooter.run(ForkedBooter.java:507)
	at org.apache.maven.surefire.booter.ForkedBooter.main(ForkedBooter.java:495)
]]></failure>
    <system-out><![CDATA[
@4 @tag5
Scenario Outline: User on login page and login with inavalid and validinputs from Excel"Sheet1" and0 # src/test/resources/Features/4loginPage.feature:12
[INFO ]2023-05-0409:17:53.005[main]utilities.LoggerLoad1]-enter getdriver
[INFO ]2023-05-0409:17:53.008[main]utilities.LoggerLoad1]-getdriver
[INFO ]2023-05-0409:17:53.019[main]utilities.LoggerLoad1]-enter getdriver
[INFO ]2023-05-0409:17:53.022[main]utilities.LoggerLoad1]-enter getchromedriver
      org.openqa.selenium.SessionNotCreatedException: Could not start a new session. Response code 500. Message: unknown error: Chrome failed to start: exited normally.
  (unknown error: DevToolsActivePort file doesn't exist)
  (The process started from chrome location C:\Program Files\Google\Chrome\Application\chrome.exe is no longer running, so ChromeDriver is assuming that Chrome has crashed.) 
Host info: host: 'DESKTOP-AIO', ip: '192.168.1.154'
Build info: version: '4.9.0', revision: 'd7057100a6'
System info: os.name: 'Windows 11', os.arch: 'amd64', os.version: '10.0', java.version: '20.0.1'
Driver info: org.openqa.selenium.chrome.ChromeDriver
Command: [null, newSession {capabilities=[Capabilities {browserName: chrome, goog:chromeOptions: {args: [--remote-allow-origins=*], extensions: []}}]}]
	at org.openqa.selenium.remote.ProtocolHandshake.createSession(ProtocolHandshake.java:136)
	at org.openqa.selenium.remote.ProtocolHandshake.createSession(ProtocolHandshake.java:94)
	at org.openqa.selenium.remote.ProtocolHandshake.createSession(ProtocolHandshake.java:68)
	at org.openqa.selenium.remote.HttpCommandExecutor.execute(HttpCommandExecutor.java:165)
	at org.openqa.selenium.remote.service.DriverCommandExecutor.invokeExecute(DriverCommandExecutor.java:183)
	at org.openqa.selenium.remote.service.DriverCommandExecutor.execute(DriverCommandExecutor.java:158)
	at org.openqa.selenium.remote.RemoteWebDriver.execute(RemoteWebDriver.java:543)
	at org.openqa.selenium.remote.RemoteWebDriver.startSession(RemoteWebDriver.java:229)
	at org.openqa.selenium.remote.RemoteWebDriver.<init>(RemoteWebDriver.java:157)
	at org.openqa.selenium.chromium.ChromiumDriver.<init>(ChromiumDriver.java:101)
	at org.openqa.selenium.chrome.ChromeDriver.<init>(ChromeDriver.java:88)
	at org.openqa.selenium.chrome.ChromeDriver.<init>(ChromeDriver.java:84)
	at org.openqa.selenium.chrome.ChromeDriver.<init>(ChromeDriver.java:52)
	at DriverFactory.driversetup.getchromeDriver(driversetup.java:34)
	at DriverFactory.driversetup.setUpDriver(driversetup.java:69)
	at AllHooks.Hooks.setUp(Hooks.java:16)

  Given The user is on login page                                                                    # stepdefinitions.LoginSteps.the_user_is_on_signin_page()
  When The user enter sheet"Sheet1" and 0                                                            # stepdefinitions.LoginSteps.the_user_enter_sheet_sheet1_and(java.lang.Integer)
  Then click login button                                                                            # stepdefinitions.LoginSteps.click_login_button()
[INFO ]2023-05-0409:18:11.067[main]utilities.LoggerLoad1]-enter getdriver
      java.lang.NullPointerException: Cannot invoke "org.openqa.selenium.TakesScreenshot.getScreenshotAs(org.openqa.selenium.OutputType)" because the return value of "DriverFactory.driversetup.getDriver()" is null
	at AllHooks.Hooks.tearDown(Hooks.java:30)

]]></system-out>
    <system-err><![CDATA[SLF4J: Failed to load class "org.slf4j.impl.StaticLoggerBinder".
SLF4J: Defaulting to no-operation (NOP) logger implementation
SLF4J: See http://www.slf4j.org/codes.html#StaticLoggerBinder for further details.
Starting ChromeDriver 112.0.5615.49 (bd2a7bcb881c11e8cfe3078709382934e3916914-refs/branch-heads/5615@{#936}) on port 43369
Only local connections are allowed.
Please see https://chromedriver.chromium.org/security-considerations for suggestions on keeping ChromeDriver safe.
ChromeDriver was started successfully.
]]></system-err>
  </testcase>
  <testcase name="User on login page and login with inavalid and validinputs from Excel&quot;Sheet1&quot; and1" classname="User enter valid and invalid credentials for login" time="29.899">
    <system-out><![CDATA[
@4 @tag5
Scenario Outline: User on login page and login with inavalid and validinputs from Excel"Sheet1" and1 # src/test/resources/Features/4loginPage.feature:13
[INFO ]2023-05-0409:18:11.167[main]utilities.LoggerLoad1]-enter getdriver
[INFO ]2023-05-0409:18:11.168[main]utilities.LoggerLoad1]-getdriver
[INFO ]2023-05-0409:18:11.169[main]utilities.LoggerLoad1]-enter getdriver
[INFO ]2023-05-0409:18:11.170[main]utilities.LoggerLoad1]-enter getchromedriver
[INFO ]2023-05-0409:18:32.482[main]utilities.LoggerLoad1]-enter getdriver
[INFO ]2023-05-0409:18:32.500[main]utilities.LoggerLoad1]-enter getdriver
[INFO ]2023-05-0409:18:32.741[main]utilities.LoggerLoad1]-enter getdriver
[INFO ]2023-05-0409:18:32.749[main]utilities.LoggerLoad1]-enter getdriver
[INFO ]2023-05-0409:18:32.751[main]utilities.LoggerLoad1]-driver setup
[INFO ]2023-05-0409:18:32.755[main]utilities.LoggerLoad1]-enter getdriver
[INFO ]2023-05-0409:18:32.755[main]utilities.LoggerLoad1]-enter getdriver
  Given The user is on login page                                                                    # stepdefinitions.LoginSteps.the_user_is_on_signin_page()
[INFO ]2023-05-0409:18:38.502[main]utilities.LoggerLoad1]-User Enter username as "  "and Password as " Nithila031212" 
  When The user enter sheet"Sheet1" and 1                                                            # stepdefinitions.LoginSteps.the_user_enter_sheet_sheet1_and(java.lang.Integer)
[INFO ]2023-05-0409:18:38.725[main]utilities.LoggerLoad1]-User clicks on login button
[INFO ]2023-05-0409:18:38.726[main]utilities.LoggerLoad1]-Expected Message - Excel Sheet :  Please fill out this field.
Please fill out this field.
[INFO ]2023-05-0409:18:41.015[main]utilities.LoggerLoad1]-Please fill out this field.
  Then click login button                                                                            # stepdefinitions.LoginSteps.click_login_button()
]]></system-out>
    <system-err><![CDATA[Starting ChromeDriver 112.0.5615.49 (bd2a7bcb881c11e8cfe3078709382934e3916914-refs/branch-heads/5615@{#936}) on port 14815
Only local connections are allowed.
Please see https://chromedriver.chromium.org/security-considerations for suggestions on keeping ChromeDriver safe.
ChromeDriver was started successfully.
]]></system-err>
  </testcase>
  <testcase name="User on login page and login with inavalid and validinputs from Excel&quot;Sheet1&quot; and2" classname="User enter valid and invalid credentials for login" time="2.939">
    <system-out><![CDATA[
@4 @tag5
Scenario Outline: User on login page and login with inavalid and validinputs from Excel"Sheet1" and2 # src/test/resources/Features/4loginPage.feature:14
[INFO ]2023-05-0409:18:41.065[main]utilities.LoggerLoad1]-enter getdriver
[INFO ]2023-05-0409:18:41.066[main]utilities.LoggerLoad1]-getdriver
[INFO ]2023-05-0409:18:41.066[main]utilities.LoggerLoad1]-enter getdriver
[INFO ]2023-05-0409:18:41.066[main]utilities.LoggerLoad1]-driver setup
[INFO ]2023-05-0409:18:41.066[main]utilities.LoggerLoad1]-enter getdriver
[INFO ]2023-05-0409:18:41.066[main]utilities.LoggerLoad1]-enter getdriver
  Given The user is on login page                                                                    # stepdefinitions.LoginSteps.the_user_is_on_signin_page()
[INFO ]2023-05-0409:18:41.314[main]utilities.LoggerLoad1]-User Enter username as " sangee "and Password as " Nithila" 
  When The user enter sheet"Sheet1" and 2                                                            # stepdefinitions.LoginSteps.the_user_enter_sheet_sheet1_and(java.lang.Integer)
[INFO ]2023-05-0409:18:41.495[main]utilities.LoggerLoad1]-User clicks on login button
[INFO ]2023-05-0409:18:41.495[main]utilities.LoggerLoad1]-Expected Message - Excel Sheet :  Invalid Username and Password
  Then click login button                                                                            # stepdefinitions.LoginSteps.click_login_button()
]]></system-out>
  </testcase>
  <testcase name="User on login page and login with inavalid and validinputs from Excel&quot;Sheet1&quot; and3" classname="User enter valid and invalid credentials for login" time="2.805">
    <system-out><![CDATA[
@4 @tag5
Scenario Outline: User on login page and login with inavalid and validinputs from Excel"Sheet1" and3 # src/test/resources/Features/4loginPage.feature:15
[INFO ]2023-05-0409:18:44.005[main]utilities.LoggerLoad1]-enter getdriver
[INFO ]2023-05-0409:18:44.005[main]utilities.LoggerLoad1]-getdriver
[INFO ]2023-05-0409:18:44.005[main]utilities.LoggerLoad1]-enter getdriver
[INFO ]2023-05-0409:18:44.005[main]utilities.LoggerLoad1]-driver setup
[INFO ]2023-05-0409:18:44.005[main]utilities.LoggerLoad1]-enter getdriver
[INFO ]2023-05-0409:18:44.005[main]utilities.LoggerLoad1]-enter getdriver
  Given The user is on login page                                                                    # stepdefinitions.LoginSteps.the_user_is_on_signin_page()
[INFO ]2023-05-0409:18:44.200[main]utilities.LoggerLoad1]-User Enter username as " nitha "and Password as " nithasdet109" 
  When The user enter sheet"Sheet1" and 3                                                            # stepdefinitions.LoginSteps.the_user_enter_sheet_sheet1_and(java.lang.Integer)
[INFO ]2023-05-0409:18:44.318[main]utilities.LoggerLoad1]-User clicks on login button
[INFO ]2023-05-0409:18:44.318[main]utilities.LoggerLoad1]-Expected Message - Excel Sheet :  You are logged in
  Then click login button                                                                            # stepdefinitions.LoginSteps.click_login_button()
]]></system-out>
  </testcase>
  <testcase name="user is able to navigate to &quot;Tree&quot; Page" classname="Evaluate Tree module" time="5.831">
    <error message="element not interactable&#10;  (Session info: chrome=112.0.5615.139)&#10;Build info: version: &apos;4.9.0&apos;, revision: &apos;d7057100a6&apos;&#10;System info: os.name: &apos;Windows 11&apos;, os.arch: &apos;amd64&apos;, os.version: &apos;10.0&apos;, java.version: &apos;20.0.1&apos;&#10;Driver info: org.openqa.selenium.chrome.ChromeDriver&#10;Command: [697e104b13f6f8d9a18bf138c7167d7b, clickElement {id=359f4b46-ba7a-475e-8f5e-c082e2a42a93}]&#10;Capabilities {acceptInsecureCerts: false, browserName: chrome, browserVersion: 112.0.5615.139, chrome: {chromedriverVersion: 112.0.5615.49 (bd2a7bcb881c..., userDataDir: C:\Users\yours\AppData\Loca...}, goog:chromeOptions: {debuggerAddress: localhost:50035}, networkConnectionEnabled: false, pageLoadStrategy: normal, platformName: WINDOWS, proxy: Proxy(), se:cdp: ws://localhost:50035/devtoo..., se:cdpVersion: 112.0.5615.139, setWindowRect: true, strictFileInteractability: false, timeouts: {implicit: 0, pageLoad: 300000, script: 30000}, unhandledPromptBehavior: dismiss and notify, webauthn:extension:credBlob: true, webauthn:extension:largeBlob: true, webauthn:extension:minPinLength: true, webauthn:extension:prf: true, webauthn:virtualAuthenticators: true}&#10;Element: [[ChromeDriver: chrome on WINDOWS (697e104b13f6f8d9a18bf138c7167d7b)] -&gt; xpath: //a[text()=&apos;Tree&apos;]]&#10;Session ID: 697e104b13f6f8d9a18bf138c7167d7b" type="org.openqa.selenium.ElementNotInteractableException"><![CDATA[org.openqa.selenium.ElementNotInteractableException: 
element not interactable
  (Session info: chrome=112.0.5615.139)
Build info: version: '4.9.0', revision: 'd7057100a6'
System info: os.name: 'Windows 11', os.arch: 'amd64', os.version: '10.0', java.version: '20.0.1'
Driver info: org.openqa.selenium.chrome.ChromeDriver
Command: [697e104b13f6f8d9a18bf138c7167d7b, clickElement {id=359f4b46-ba7a-475e-8f5e-c082e2a42a93}]
Capabilities {acceptInsecureCerts: false, browserName: chrome, browserVersion: 112.0.5615.139, chrome: {chromedriverVersion: 112.0.5615.49 (bd2a7bcb881c..., userDataDir: C:\Users\yours\AppData\Loca...}, goog:chromeOptions: {debuggerAddress: localhost:50035}, networkConnectionEnabled: false, pageLoadStrategy: normal, platformName: WINDOWS, proxy: Proxy(), se:cdp: ws://localhost:50035/devtoo..., se:cdpVersion: 112.0.5615.139, setWindowRect: true, strictFileInteractability: false, timeouts: {implicit: 0, pageLoad: 300000, script: 30000}, unhandledPromptBehavior: dismiss and notify, webauthn:extension:credBlob: true, webauthn:extension:largeBlob: true, webauthn:extension:minPinLength: true, webauthn:extension:prf: true, webauthn:virtualAuthenticators: true}
Element: [[ChromeDriver: chrome on WINDOWS (697e104b13f6f8d9a18bf138c7167d7b)] -> xpath: //a[text()='Tree']]
Session ID: 697e104b13f6f8d9a18bf138c7167d7b
	at java.base/jdk.internal.reflect.DirectConstructorHandleAccessor.newInstance(DirectConstructorHandleAccessor.java:67)
	at java.base/java.lang.reflect.Constructor.newInstanceWithCaller(Constructor.java:500)
	at java.base/java.lang.reflect.Constructor.newInstance(Constructor.java:484)
	at org.openqa.selenium.remote.codec.w3c.W3CHttpResponseCodec.createException(W3CHttpResponseCodec.java:200)
	at org.openqa.selenium.remote.codec.w3c.W3CHttpResponseCodec.decode(W3CHttpResponseCodec.java:133)
	at org.openqa.selenium.remote.codec.w3c.W3CHttpResponseCodec.decode(W3CHttpResponseCodec.java:53)
	at org.openqa.selenium.remote.HttpCommandExecutor.execute(HttpCommandExecutor.java:193)
	at org.openqa.selenium.remote.service.DriverCommandExecutor.invokeExecute(DriverCommandExecutor.java:183)
	at org.openqa.selenium.remote.service.DriverCommandExecutor.execute(DriverCommandExecutor.java:158)
	at org.openqa.selenium.remote.RemoteWebDriver.execute(RemoteWebDriver.java:543)
	at org.openqa.selenium.remote.RemoteWebElement.execute(RemoteWebElement.java:257)
	at org.openqa.selenium.remote.RemoteWebElement.click(RemoteWebElement.java:78)
	at java.base/jdk.internal.reflect.DirectMethodHandleAccessor.invoke(DirectMethodHandleAccessor.java:104)
	at java.base/java.lang.reflect.Method.invoke(Method.java:578)
	at org.openqa.selenium.support.pagefactory.internal.LocatingElementHandler.invoke(LocatingElementHandler.java:52)
	at jdk.proxy2/jdk.proxy2.$Proxy40.click(Unknown Source)
	at PageObjects.HomePage.treemod(HomePage.java:62)
	at stepdefinitions.Tree_SD.user_selects_tree_item_from_the_drop_down_menu(Tree_SD.java:44)
	at ✽.user selects Tree item from the drop down menu(file:///C:/Users/yours/git/repository/ds_algo109/src/test/resources/Features/9Trees.feature:6)
]]></error>
    <system-out><![CDATA[
@Tree
Scenario: user is able to navigate to "Tree" Page     # src/test/resources/Features/9Trees.feature:4
[INFO ]2023-05-0409:18:46.940[main]utilities.LoggerLoad1]-enter getdriver
[INFO ]2023-05-0409:18:46.940[main]utilities.LoggerLoad1]-getdriver
[INFO ]2023-05-0409:18:46.940[main]utilities.LoggerLoad1]-enter getdriver
[INFO ]2023-05-0409:18:46.940[main]utilities.LoggerLoad1]-driver setup
[INFO ]2023-05-0409:18:46.947[main]utilities.LoggerLoad1]-enter getdriver
  Given user is able to click on dropdown             # stepdefinitions.Tree_SD.user_is_able_to_click_on_dropdown()
[INFO ]2023-05-0409:18:47.230[main]utilities.LoggerLoad1]-enter homepage feature
  When user selects Tree item from the drop down menu # stepdefinitions.Tree_SD.user_selects_tree_item_from_the_drop_down_menu()
      org.openqa.selenium.ElementNotInteractableException: element not interactable
  (Session info: chrome=112.0.5615.139)
Build info: version: '4.9.0', revision: 'd7057100a6'
System info: os.name: 'Windows 11', os.arch: 'amd64', os.version: '10.0', java.version: '20.0.1'
Driver info: org.openqa.selenium.chrome.ChromeDriver
Command: [697e104b13f6f8d9a18bf138c7167d7b, clickElement {id=359f4b46-ba7a-475e-8f5e-c082e2a42a93}]
Capabilities {acceptInsecureCerts: false, browserName: chrome, browserVersion: 112.0.5615.139, chrome: {chromedriverVersion: 112.0.5615.49 (bd2a7bcb881c..., userDataDir: C:\Users\yours\AppData\Loca...}, goog:chromeOptions: {debuggerAddress: localhost:50035}, networkConnectionEnabled: false, pageLoadStrategy: normal, platformName: WINDOWS, proxy: Proxy(), se:cdp: ws://localhost:50035/devtoo..., se:cdpVersion: 112.0.5615.139, setWindowRect: true, strictFileInteractability: false, timeouts: {implicit: 0, pageLoad: 300000, script: 30000}, unhandledPromptBehavior: dismiss and notify, webauthn:extension:credBlob: true, webauthn:extension:largeBlob: true, webauthn:extension:minPinLength: true, webauthn:extension:prf: true, webauthn:virtualAuthenticators: true}
Element: [[ChromeDriver: chrome on WINDOWS (697e104b13f6f8d9a18bf138c7167d7b)] -> xpath: //a[text()='Tree']]
Session ID: 697e104b13f6f8d9a18bf138c7167d7b
	at java.base/jdk.internal.reflect.DirectConstructorHandleAccessor.newInstance(DirectConstructorHandleAccessor.java:67)
	at java.base/java.lang.reflect.Constructor.newInstanceWithCaller(Constructor.java:500)
	at java.base/java.lang.reflect.Constructor.newInstance(Constructor.java:484)
	at org.openqa.selenium.remote.codec.w3c.W3CHttpResponseCodec.createException(W3CHttpResponseCodec.java:200)
	at org.openqa.selenium.remote.codec.w3c.W3CHttpResponseCodec.decode(W3CHttpResponseCodec.java:133)
	at org.openqa.selenium.remote.codec.w3c.W3CHttpResponseCodec.decode(W3CHttpResponseCodec.java:53)
	at org.openqa.selenium.remote.HttpCommandExecutor.execute(HttpCommandExecutor.java:193)
	at org.openqa.selenium.remote.service.DriverCommandExecutor.invokeExecute(DriverCommandExecutor.java:183)
	at org.openqa.selenium.remote.service.DriverCommandExecutor.execute(DriverCommandExecutor.java:158)
	at org.openqa.selenium.remote.RemoteWebDriver.execute(RemoteWebDriver.java:543)
	at org.openqa.selenium.remote.RemoteWebElement.execute(RemoteWebElement.java:257)
	at org.openqa.selenium.remote.RemoteWebElement.click(RemoteWebElement.java:78)
	at java.base/jdk.internal.reflect.DirectMethodHandleAccessor.invoke(DirectMethodHandleAccessor.java:104)
	at java.base/java.lang.reflect.Method.invoke(Method.java:578)
	at org.openqa.selenium.support.pagefactory.internal.LocatingElementHandler.invoke(LocatingElementHandler.java:52)
	at jdk.proxy2/jdk.proxy2.$Proxy40.click(Unknown Source)
	at PageObjects.HomePage.treemod(HomePage.java:62)
	at stepdefinitions.Tree_SD.user_selects_tree_item_from_the_drop_down_menu(Tree_SD.java:44)
	at ✽.user selects Tree item from the drop down menu(file:///C:/Users/yours/git/repository/ds_algo109/src/test/resources/Features/9Trees.feature:6)

  Then user should be redirected to the "Tree" Page   # stepdefinitions.Tree_SD.user_should_be_redirected_to_the_page(java.lang.String)
[INFO ]2023-05-0409:18:52.334[main]utilities.LoggerLoad1]-enter getdriver

    Embedding user is able to navigate to "Tree" Page [image/png 57114 bytes]

]]></system-out>
    <system-err><![CDATA[Cleaning up unclosed ZipFile for archive C:\Users\yours\git\repository\ds_algo109\.\ExcelData\dsalgo-login .xlsx
Cleaning up unclosed ZipFile for archive C:\Users\yours\git\repository\ds_algo109\.\ExcelData\dsalgo-login .xlsx
Cleaning up unclosed ZipFile for archive C:\Users\yours\git\repository\ds_algo109\.\ExcelData\dsalgo-login .xlsx
]]></system-err>
  </testcase>
  <testcase name="user is able to navigate to &quot;Overview of Trees&quot; page" classname="Evaluate Tree module" time="0.353">
    <system-out><![CDATA[
@Tree
Scenario: user is able to navigate to "Overview of Trees" page           # src/test/resources/Features/9Trees.feature:9
[INFO ]2023-05-0409:18:52.680[main]utilities.LoggerLoad1]-enter getdriver
[INFO ]2023-05-0409:18:52.680[main]utilities.LoggerLoad1]-getdriver
[INFO ]2023-05-0409:18:52.680[main]utilities.LoggerLoad1]-enter getdriver
[INFO ]2023-05-0409:18:52.680[main]utilities.LoggerLoad1]-driver setup
[INFO ]2023-05-0409:18:52.696[main]utilities.LoggerLoad1]-enter getdriver
  Given user is on the "Tree page" after logged in                       # stepdefinitions.Tree_SD.user_is_on_the_after_logged_in(java.lang.String)
  When user clicks on the Overview of Trees link                         # stepdefinitions.Tree_SD.user_clicks_on_the_overview_of_trees_link()
  Then user should be redirected to the "Overview of Trees" of tree Page # stepdefinitions.Tree_SD.user_should_be_redirected_to_the_of_tree_page(java.lang.String)
]]></system-out>
  </testcase>
  <testcase name="user is able to navigate to a page having an tryEditor from Overview of Trees page" classname="Evaluate Tree module" time="1.454">
    <system-out><![CDATA[
@Tree
Scenario: user is able to navigate to a page having an tryEditor from Overview of Trees page # src/test/resources/Features/9Trees.feature:14
[INFO ]2023-05-0409:18:53.073[main]utilities.LoggerLoad1]-enter getdriver
[INFO ]2023-05-0409:18:53.074[main]utilities.LoggerLoad1]-getdriver
[INFO ]2023-05-0409:18:53.081[main]utilities.LoggerLoad1]-enter getdriver
[INFO ]2023-05-0409:18:53.081[main]utilities.LoggerLoad1]-driver setup
[INFO ]2023-05-0409:18:53.090[main]utilities.LoggerLoad1]-enter getdriver
  Given user is on the "overview of trees" after logged in                                   # stepdefinitions.Tree_SD.user_is_on_the_after_logged_in(java.lang.String)
[INFO ]2023-05-0409:18:53.095[main]utilities.LoggerLoad1]-enter getdriver
  When user clicks "Try Here" button                                                         # stepdefinitions.Tree_SD.user_clicks_button(java.lang.String)
  Then user should be redirected to a page having tryEditor with a Run button to test        # stepdefinitions.Tree_SD.user_should_be_redirected_to_a_page_having_try_editor_with_a_run_button_to_test()
]]></system-out>
  </testcase>
  <testcase name="user is able to run code in tryEditor for Overview of Trees page" classname="Evaluate Tree module" time="2.495">
    <system-out><![CDATA[
@Tree
Scenario Outline: user is able to run code in tryEditor for Overview of Trees page # src/test/resources/Features/9Trees.feature:29
[INFO ]2023-05-0409:18:54.477[main]utilities.LoggerLoad1]-enter getdriver
[INFO ]2023-05-0409:18:54.477[main]utilities.LoggerLoad1]-getdriver
[INFO ]2023-05-0409:18:54.478[main]utilities.LoggerLoad1]-enter getdriver
[INFO ]2023-05-0409:18:54.479[main]utilities.LoggerLoad1]-driver setup
[INFO ]2023-05-0409:18:54.480[main]utilities.LoggerLoad1]-enter getdriver
  Given The user is in trees page having an tryEditor with a Run button to test    # stepdefinitions.Tree_SD.the_user_is_in_trees_page_having_an_try_editor_with_a_run_button_to_test()
[INFO ]2023-05-0409:18:54.507[main]utilities.LoggerLoad1]-enter getdriver
[INFO ]2023-05-0409:18:54.507[main]utilities.LoggerLoad1]-enter getdriver
print'Hello'
print'Hello'
  When The user enter valid python code in tryEditor from sheet "Sheet1" and 0     # stepdefinitions.ArraysStepdf.the_user_enter_valid_python_code_in_try_editor_from_sheet_and(java.lang.String,java.lang.Integer)
  And User click on run button                                                     # stepdefinitions.ArraysStepdf.user_click_on_run_button()
output=Hello
  Then User should be presented with run result                                    # stepdefinitions.ArraysStepdf.user_should_be_presented_with_run_result()
]]></system-out>
  </testcase>
  <testcase name="The user is able to get the alert message for invalid syantax for Overview of Trees page" classname="Evaluate Tree module" time="5.275">
    <failure message="Multiple Failures (2 failures)&#10;	org.openqa.selenium.NoSuchElementException: no such element: Unable to locate element: {&quot;method&quot;:&quot;xpath&quot;,&quot;selector&quot;:&quot;//form[@id=&apos;answer_form&apos;]/div/div/div/textarea&quot;}&#10;  (Session info: chrome=112.0.5615.139)&#10;For documentation on this error, please visit: https://selenium.dev/exceptions/#no_such_element&#10;Build info: version: &apos;4.9.0&apos;, revision: &apos;d7057100a6&apos;&#10;System info: os.name: &apos;Windows 11&apos;, os.arch: &apos;amd64&apos;, os.version: &apos;10.0&apos;, java.version: &apos;20.0.1&apos;&#10;Driver info: org.openqa.selenium.chrome.ChromeDriver&#10;Command: [697e104b13f6f8d9a18bf138c7167d7b, findElement {using=xpath, value=//form[@id=&apos;answer_form&apos;]/div/div/div/textarea}]&#10;Capabilities {acceptInsecureCerts: false, browserName: chrome, browserVersion: 112.0.5615.139, chrome: {chromedriverVersion: 112.0.5615.49 (bd2a7bcb881c..., userDataDir: C:\Users\yours\AppData\Loca...}, goog:chromeOptions: {debuggerAddress: localhost:50035}, networkConnectionEnabled: false, pageLoadStrategy: normal, platformName: WINDOWS, proxy: Proxy(), se:cdp: ws://localhost:50035/devtoo..., se:cdpVersion: 112.0.5615.139, setWindowRect: true, strictFileInteractability: false, timeouts: {implicit: 0, pageLoad: 300000, script: 30000}, unhandledPromptBehavior: dismiss and notify, webauthn:extension:credBlob: true, webauthn:extension:largeBlob: true, webauthn:extension:minPinLength: true, webauthn:extension:prf: true, webauthn:virtualAuthenticators: true}&#10;Session ID: 697e104b13f6f8d9a18bf138c7167d7b&#10;	org.openqa.selenium.WebDriverException: unknown error: unhandled inspector error: {&quot;code&quot;:-32000,&quot;message&quot;:&quot;Unable to capture screenshot&quot;}&#10;  (Session info: chrome=112.0.5615.139)&#10;Build info: version: &apos;4.9.0&apos;, revision: &apos;d7057100a6&apos;&#10;System info: os.name: &apos;Windows 11&apos;, os.arch: &apos;amd64&apos;, os.version: &apos;10.0&apos;, java.version: &apos;20.0.1&apos;&#10;Driver info: org.openqa.selenium.chrome.ChromeDriver&#10;Command: [697e104b13f6f8d9a18bf138c7167d7b, screenshot {}]&#10;Capabilities {acceptInsecureCerts: false, browserName: chrome, browserVersion: 112.0.5615.139, chrome: {chromedriverVersion: 112.0.5615.49 (bd2a7bcb881c..., userDataDir: C:\Users\yours\AppData\Loca...}, goog:chromeOptions: {debuggerAddress: localhost:50035}, networkConnectionEnabled: false, pageLoadStrategy: normal, platformName: WINDOWS, proxy: Proxy(), se:cdp: ws://localhost:50035/devtoo..., se:cdpVersion: 112.0.5615.139, setWindowRect: true, strictFileInteractability: false, timeouts: {implicit: 0, pageLoad: 300000, script: 30000}, unhandledPromptBehavior: dismiss and notify, webauthn:extension:credBlob: true, webauthn:extension:largeBlob: true, webauthn:extension:minPinLength: true, webauthn:extension:prf: true, webauthn:virtualAuthenticators: true}&#10;Session ID: 697e104b13f6f8d9a18bf138c7167d7b" type="org.opentest4j.MultipleFailuresError"><![CDATA[org.opentest4j.MultipleFailuresError: 
Multiple Failures (2 failures)
	org.openqa.selenium.NoSuchElementException: no such element: Unable to locate element: {"method":"xpath","selector":"//form[@id='answer_form']/div/div/div/textarea"}
  (Session info: chrome=112.0.5615.139)
For documentation on this error, please visit: https://selenium.dev/exceptions/#no_such_element
Build info: version: '4.9.0', revision: 'd7057100a6'
System info: os.name: 'Windows 11', os.arch: 'amd64', os.version: '10.0', java.version: '20.0.1'
Driver info: org.openqa.selenium.chrome.ChromeDriver
Command: [697e104b13f6f8d9a18bf138c7167d7b, findElement {using=xpath, value=//form[@id='answer_form']/div/div/div/textarea}]
Capabilities {acceptInsecureCerts: false, browserName: chrome, browserVersion: 112.0.5615.139, chrome: {chromedriverVersion: 112.0.5615.49 (bd2a7bcb881c..., userDataDir: C:\Users\yours\AppData\Loca...}, goog:chromeOptions: {debuggerAddress: localhost:50035}, networkConnectionEnabled: false, pageLoadStrategy: normal, platformName: WINDOWS, proxy: Proxy(), se:cdp: ws://localhost:50035/devtoo..., se:cdpVersion: 112.0.5615.139, setWindowRect: true, strictFileInteractability: false, timeouts: {implicit: 0, pageLoad: 300000, script: 30000}, unhandledPromptBehavior: dismiss and notify, webauthn:extension:credBlob: true, webauthn:extension:largeBlob: true, webauthn:extension:minPinLength: true, webauthn:extension:prf: true, webauthn:virtualAuthenticators: true}
Session ID: 697e104b13f6f8d9a18bf138c7167d7b
	org.openqa.selenium.WebDriverException: unknown error: unhandled inspector error: {"code":-32000,"message":"Unable to capture screenshot"}
  (Session info: chrome=112.0.5615.139)
Build info: version: '4.9.0', revision: 'd7057100a6'
System info: os.name: 'Windows 11', os.arch: 'amd64', os.version: '10.0', java.version: '20.0.1'
Driver info: org.openqa.selenium.chrome.ChromeDriver
Command: [697e104b13f6f8d9a18bf138c7167d7b, screenshot {}]
Capabilities {acceptInsecureCerts: false, browserName: chrome, browserVersion: 112.0.5615.139, chrome: {chromedriverVersion: 112.0.5615.49 (bd2a7bcb881c..., userDataDir: C:\Users\yours\AppData\Loca...}, goog:chromeOptions: {debuggerAddress: localhost:50035}, networkConnectionEnabled: false, pageLoadStrategy: normal, platformName: WINDOWS, proxy: Proxy(), se:cdp: ws://localhost:50035/devtoo..., se:cdpVersion: 112.0.5615.139, setWindowRect: true, strictFileInteractability: false, timeouts: {implicit: 0, pageLoad: 300000, script: 30000}, unhandledPromptBehavior: dismiss and notify, webauthn:extension:credBlob: true, webauthn:extension:largeBlob: true, webauthn:extension:minPinLength: true, webauthn:extension:prf: true, webauthn:virtualAuthenticators: true}
Session ID: 697e104b13f6f8d9a18bf138c7167d7b
	at org.junit.vintage.engine.execution.TestRun.getStoredResultOrSuccessful(TestRun.java:196)
	at org.junit.vintage.engine.execution.RunListenerAdapter.fireExecutionFinished(RunListenerAdapter.java:226)
	at org.junit.vintage.engine.execution.RunListenerAdapter.testFinished(RunListenerAdapter.java:192)
	at org.junit.vintage.engine.execution.RunListenerAdapter.testFinished(RunListenerAdapter.java:79)
	at org.junit.runner.notification.SynchronizedRunListener.testFinished(SynchronizedRunListener.java:87)
	at org.junit.runner.notification.RunNotifier$9.notifyListener(RunNotifier.java:225)
	at org.junit.runner.notification.RunNotifier$SafeNotifier.run(RunNotifier.java:72)
	at org.junit.runner.notification.RunNotifier.fireTestFinished(RunNotifier.java:222)
	at io.cucumber.junit.FeatureRunner.runChild(FeatureRunner.java:150)
	at io.cucumber.junit.FeatureRunner.runChild(FeatureRunner.java:28)
	at org.junit.runners.ParentRunner$4.run(ParentRunner.java:331)
	at org.junit.runners.ParentRunner$1.schedule(ParentRunner.java:79)
	at org.junit.runners.ParentRunner.runChildren(ParentRunner.java:329)
	at org.junit.runners.ParentRunner.access$100(ParentRunner.java:66)
	at org.junit.runners.ParentRunner$2.evaluate(ParentRunner.java:293)
	at org.junit.runners.ParentRunner$3.evaluate(ParentRunner.java:306)
	at org.junit.runners.ParentRunner.run(ParentRunner.java:413)
	at io.cucumber.junit.FeatureRunner.run(FeatureRunner.java:137)
	at io.cucumber.junit.Cucumber.runChild(Cucumber.java:196)
	at io.cucumber.junit.Cucumber.runChild(Cucumber.java:89)
	at org.junit.runners.ParentRunner$4.run(ParentRunner.java:331)
	at org.junit.runners.ParentRunner$1.schedule(ParentRunner.java:79)
	at org.junit.runners.ParentRunner.runChildren(ParentRunner.java:329)
	at org.junit.runners.ParentRunner.access$100(ParentRunner.java:66)
	at org.junit.runners.ParentRunner$2.evaluate(ParentRunner.java:293)
	at io.cucumber.junit.Cucumber$RunBeforeAllHooks.evaluate(Cucumber.java:266)
	at io.cucumber.junit.Cucumber$RunAfterAllHooks.evaluate(Cucumber.java:281)
	at io.cucumber.junit.Cucumber$StartTestRun.evaluate(Cucumber.java:233)
	at io.cucumber.junit.Cucumber$FinishTestRun.evaluate(Cucumber.java:248)
	at org.junit.runners.ParentRunner$3.evaluate(ParentRunner.java:306)
	at org.junit.runners.ParentRunner.run(ParentRunner.java:413)
	at org.junit.runner.JUnitCore.run(JUnitCore.java:137)
	at org.junit.runner.JUnitCore.run(JUnitCore.java:115)
	at org.junit.vintage.engine.execution.RunnerExecutor.execute(RunnerExecutor.java:43)
	at java.base/java.util.stream.ForEachOps$ForEachOp$OfRef.accept(ForEachOps.java:183)
	at java.base/java.util.stream.ReferencePipeline$3$1.accept(ReferencePipeline.java:197)
	at java.base/java.util.Iterator.forEachRemaining(Iterator.java:133)
	at java.base/java.util.Spliterators$IteratorSpliterator.forEachRemaining(Spliterators.java:1921)
	at java.base/java.util.stream.AbstractPipeline.copyInto(AbstractPipeline.java:509)
	at java.base/java.util.stream.AbstractPipeline.wrapAndCopyInto(AbstractPipeline.java:499)
	at java.base/java.util.stream.ForEachOps$ForEachOp.evaluateSequential(ForEachOps.java:150)
	at java.base/java.util.stream.ForEachOps$ForEachOp$OfRef.evaluateSequential(ForEachOps.java:173)
	at java.base/java.util.stream.AbstractPipeline.evaluate(AbstractPipeline.java:234)
	at java.base/java.util.stream.ReferencePipeline.forEach(ReferencePipeline.java:596)
	at org.junit.vintage.engine.VintageTestEngine.executeAllChildren(VintageTestEngine.java:82)
	at org.junit.vintage.engine.VintageTestEngine.execute(VintageTestEngine.java:73)
	at org.junit.platform.launcher.core.EngineExecutionOrchestrator.execute(EngineExecutionOrchestrator.java:108)
	at org.junit.platform.launcher.core.EngineExecutionOrchestrator.execute(EngineExecutionOrchestrator.java:88)
	at org.junit.platform.launcher.core.EngineExecutionOrchestrator.lambda$execute$0(EngineExecutionOrchestrator.java:54)
	at org.junit.platform.launcher.core.EngineExecutionOrchestrator.withInterceptedStreams(EngineExecutionOrchestrator.java:67)
	at org.junit.platform.launcher.core.EngineExecutionOrchestrator.execute(EngineExecutionOrchestrator.java:52)
	at org.junit.platform.launcher.core.DefaultLauncher.execute(DefaultLauncher.java:96)
	at org.junit.platform.launcher.core.DefaultLauncher.execute(DefaultLauncher.java:75)
	at org.apache.maven.surefire.junitplatform.LazyLauncher.execute(LazyLauncher.java:50)
	at org.apache.maven.surefire.junitplatform.JUnitPlatformProvider.execute(JUnitPlatformProvider.java:184)
	at org.apache.maven.surefire.junitplatform.JUnitPlatformProvider.invokeAllTests(JUnitPlatformProvider.java:148)
	at org.apache.maven.surefire.junitplatform.JUnitPlatformProvider.invoke(JUnitPlatformProvider.java:122)
	at org.apache.maven.surefire.booter.ForkedBooter.runSuitesInProcess(ForkedBooter.java:385)
	at org.apache.maven.surefire.booter.ForkedBooter.execute(ForkedBooter.java:162)
	at org.apache.maven.surefire.booter.ForkedBooter.run(ForkedBooter.java:507)
	at org.apache.maven.surefire.booter.ForkedBooter.main(ForkedBooter.java:495)
]]></failure>
    <system-out><![CDATA[
@Tree
Scenario Outline: The user is able to get the alert message for invalid syantax for Overview of Trees page # src/test/resources/Features/9Trees.feature:38
[INFO ]2023-05-0409:18:56.965[main]utilities.LoggerLoad1]-enter getdriver
[INFO ]2023-05-0409:18:56.965[main]utilities.LoggerLoad1]-getdriver
[INFO ]2023-05-0409:18:56.965[main]utilities.LoggerLoad1]-enter getdriver
[INFO ]2023-05-0409:18:56.965[main]utilities.LoggerLoad1]-driver setup
[INFO ]2023-05-0409:18:56.965[main]utilities.LoggerLoad1]-enter getdriver
  Given The user is in trees page having an tryEditor with a Run button to test                            # stepdefinitions.Tree_SD.the_user_is_in_trees_page_having_an_try_editor_with_a_run_button_to_test()
[INFO ]2023-05-0409:18:56.972[main]utilities.LoggerLoad1]-enter getdriver
[INFO ]2023-05-0409:18:56.972[main]utilities.LoggerLoad1]-enter getdriver
Hi
  When The user enter invalid python code in tryEditor from sheet "Sheet1" and 1                           # stepdefinitions.ArraysStepdf.the_user_enter_invalid_python_code_in_try_editor_from_sheet_and(java.lang.String,java.lang.Integer)
      org.openqa.selenium.NoSuchElementException: no such element: Unable to locate element: {"method":"xpath","selector":"//form[@id='answer_form']/div/div/div/textarea"}
  (Session info: chrome=112.0.5615.139)
For documentation on this error, please visit: https://selenium.dev/exceptions/#no_such_element
Build info: version: '4.9.0', revision: 'd7057100a6'
System info: os.name: 'Windows 11', os.arch: 'amd64', os.version: '10.0', java.version: '20.0.1'
Driver info: org.openqa.selenium.chrome.ChromeDriver
Command: [697e104b13f6f8d9a18bf138c7167d7b, findElement {using=xpath, value=//form[@id='answer_form']/div/div/div/textarea}]
Capabilities {acceptInsecureCerts: false, browserName: chrome, browserVersion: 112.0.5615.139, chrome: {chromedriverVersion: 112.0.5615.49 (bd2a7bcb881c..., userDataDir: C:\Users\yours\AppData\Loca...}, goog:chromeOptions: {debuggerAddress: localhost:50035}, networkConnectionEnabled: false, pageLoadStrategy: normal, platformName: WINDOWS, proxy: Proxy(), se:cdp: ws://localhost:50035/devtoo..., se:cdpVersion: 112.0.5615.139, setWindowRect: true, strictFileInteractability: false, timeouts: {implicit: 0, pageLoad: 300000, script: 30000}, unhandledPromptBehavior: dismiss and notify, webauthn:extension:credBlob: true, webauthn:extension:largeBlob: true, webauthn:extension:minPinLength: true, webauthn:extension:prf: true, webauthn:virtualAuthenticators: true}
Session ID: 697e104b13f6f8d9a18bf138c7167d7b
	at java.base/jdk.internal.reflect.DirectConstructorHandleAccessor.newInstance(DirectConstructorHandleAccessor.java:67)
	at java.base/java.lang.reflect.Constructor.newInstanceWithCaller(Constructor.java:500)
	at java.base/java.lang.reflect.Constructor.newInstance(Constructor.java:484)
	at org.openqa.selenium.remote.codec.w3c.W3CHttpResponseCodec.createException(W3CHttpResponseCodec.java:200)
	at org.openqa.selenium.remote.codec.w3c.W3CHttpResponseCodec.decode(W3CHttpResponseCodec.java:133)
	at org.openqa.selenium.remote.codec.w3c.W3CHttpResponseCodec.decode(W3CHttpResponseCodec.java:53)
	at org.openqa.selenium.remote.HttpCommandExecutor.execute(HttpCommandExecutor.java:193)
	at org.openqa.selenium.remote.service.DriverCommandExecutor.invokeExecute(DriverCommandExecutor.java:183)
	at org.openqa.selenium.remote.service.DriverCommandExecutor.execute(DriverCommandExecutor.java:158)
	at org.openqa.selenium.remote.RemoteWebDriver.execute(RemoteWebDriver.java:543)
	at org.openqa.selenium.remote.ElementLocation$ElementFinder$2.findElement(ElementLocation.java:162)
	at org.openqa.selenium.remote.ElementLocation.findElement(ElementLocation.java:60)
	at org.openqa.selenium.remote.RemoteWebDriver.findElement(RemoteWebDriver.java:352)
	at org.openqa.selenium.remote.RemoteWebDriver.findElement(RemoteWebDriver.java:344)
	at org.openqa.selenium.support.pagefactory.DefaultElementLocator.findElement(DefaultElementLocator.java:70)
	at org.openqa.selenium.support.pagefactory.internal.LocatingElementHandler.invoke(LocatingElementHandler.java:39)
	at jdk.proxy2/jdk.proxy2.$Proxy40.sendKeys(Unknown Source)
	at PageObjects.Arrays.Txtarea(Arrays.java:62)
	at stepdefinitions.ArraysStepdf.the_user_enter_invalid_python_code_in_try_editor_from_sheet_and(ArraysStepdf.java:108)
	at ✽.The user enter invalid python code in tryEditor from sheet "Sheet1" and 1(file:///C:/Users/yours/git/repository/ds_algo109/src/test/resources/Features/9Trees.feature:33)

  And User click on run button                                                                             # stepdefinitions.ArraysStepdf.user_click_on_run_button()
  Then User should get alert message                                                                       # stepdefinitions.ArraysStepdf.alert_should_be_present()
[INFO ]2023-05-0409:19:02.096[main]utilities.LoggerLoad1]-enter getdriver
      org.openqa.selenium.WebDriverException: unknown error: unhandled inspector error: {"code":-32000,"message":"Unable to capture screenshot"}
  (Session info: chrome=112.0.5615.139)
Build info: version: '4.9.0', revision: 'd7057100a6'
System info: os.name: 'Windows 11', os.arch: 'amd64', os.version: '10.0', java.version: '20.0.1'
Driver info: org.openqa.selenium.chrome.ChromeDriver
Command: [697e104b13f6f8d9a18bf138c7167d7b, screenshot {}]
Capabilities {acceptInsecureCerts: false, browserName: chrome, browserVersion: 112.0.5615.139, chrome: {chromedriverVersion: 112.0.5615.49 (bd2a7bcb881c..., userDataDir: C:\Users\yours\AppData\Loca...}, goog:chromeOptions: {debuggerAddress: localhost:50035}, networkConnectionEnabled: false, pageLoadStrategy: normal, platformName: WINDOWS, proxy: Proxy(), se:cdp: ws://localhost:50035/devtoo..., se:cdpVersion: 112.0.5615.139, setWindowRect: true, strictFileInteractability: false, timeouts: {implicit: 0, pageLoad: 300000, script: 30000}, unhandledPromptBehavior: dismiss and notify, webauthn:extension:credBlob: true, webauthn:extension:largeBlob: true, webauthn:extension:minPinLength: true, webauthn:extension:prf: true, webauthn:virtualAuthenticators: true}
Session ID: 697e104b13f6f8d9a18bf138c7167d7b
	at java.base/jdk.internal.reflect.DirectConstructorHandleAccessor.newInstance(DirectConstructorHandleAccessor.java:67)
	at java.base/java.lang.reflect.Constructor.newInstanceWithCaller(Constructor.java:500)
	at java.base/java.lang.reflect.Constructor.newInstance(Constructor.java:484)
	at org.openqa.selenium.remote.codec.w3c.W3CHttpResponseCodec.createException(W3CHttpResponseCodec.java:200)
	at org.openqa.selenium.remote.codec.w3c.W3CHttpResponseCodec.decode(W3CHttpResponseCodec.java:133)
	at org.openqa.selenium.remote.codec.w3c.W3CHttpResponseCodec.decode(W3CHttpResponseCodec.java:53)
	at org.openqa.selenium.remote.HttpCommandExecutor.execute(HttpCommandExecutor.java:193)
	at org.openqa.selenium.remote.service.DriverCommandExecutor.invokeExecute(DriverCommandExecutor.java:183)
	at org.openqa.selenium.remote.service.DriverCommandExecutor.execute(DriverCommandExecutor.java:158)
	at org.openqa.selenium.remote.RemoteWebDriver.execute(RemoteWebDriver.java:543)
	at org.openqa.selenium.remote.RemoteWebDriver.execute(RemoteWebDriver.java:598)
	at org.openqa.selenium.remote.RemoteWebDriver.execute(RemoteWebDriver.java:602)
	at org.openqa.selenium.remote.RemoteWebDriver.getScreenshotAs(RemoteWebDriver.java:318)
	at AllHooks.Hooks.tearDown(Hooks.java:30)

]]></system-out>
    <system-err><![CDATA[[1683206342.136][WARNING]: screenshot failed, retrying unknown error: unhandled inspector error: {"code":-32000,"message":"Unable to capture screenshot"}
]]></system-err>
  </testcase>
  <testcase name="The user is able to navigate to &quot;Terminologies&quot; Page" classname="Evaluate Tree module" time="5.309">
    <failure message="Multiple Failures (2 failures)&#10;	org.openqa.selenium.NoSuchElementException: no such element: Unable to locate element: {&quot;method&quot;:&quot;xpath&quot;,&quot;selector&quot;:&quot;//*[@href=&apos;terminologies&apos;]&quot;}&#10;  (Session info: chrome=112.0.5615.139)&#10;For documentation on this error, please visit: https://selenium.dev/exceptions/#no_such_element&#10;Build info: version: &apos;4.9.0&apos;, revision: &apos;d7057100a6&apos;&#10;System info: os.name: &apos;Windows 11&apos;, os.arch: &apos;amd64&apos;, os.version: &apos;10.0&apos;, java.version: &apos;20.0.1&apos;&#10;Driver info: org.openqa.selenium.chrome.ChromeDriver&#10;Command: [697e104b13f6f8d9a18bf138c7167d7b, findElement {using=xpath, value=//*[@href=&apos;terminologies&apos;]}]&#10;Capabilities {acceptInsecureCerts: false, browserName: chrome, browserVersion: 112.0.5615.139, chrome: {chromedriverVersion: 112.0.5615.49 (bd2a7bcb881c..., userDataDir: C:\Users\yours\AppData\Loca...}, goog:chromeOptions: {debuggerAddress: localhost:50035}, networkConnectionEnabled: false, pageLoadStrategy: normal, platformName: WINDOWS, proxy: Proxy(), se:cdp: ws://localhost:50035/devtoo..., se:cdpVersion: 112.0.5615.139, setWindowRect: true, strictFileInteractability: false, timeouts: {implicit: 0, pageLoad: 300000, script: 30000}, unhandledPromptBehavior: dismiss and notify, webauthn:extension:credBlob: true, webauthn:extension:largeBlob: true, webauthn:extension:minPinLength: true, webauthn:extension:prf: true, webauthn:virtualAuthenticators: true}&#10;Session ID: 697e104b13f6f8d9a18bf138c7167d7b&#10;	org.openqa.selenium.WebDriverException: unknown error: unhandled inspector error: {&quot;code&quot;:-32000,&quot;message&quot;:&quot;Unable to capture screenshot&quot;}&#10;  (Session info: chrome=112.0.5615.139)&#10;Build info: version: &apos;4.9.0&apos;, revision: &apos;d7057100a6&apos;&#10;System info: os.name: &apos;Windows 11&apos;, os.arch: &apos;amd64&apos;, os.version: &apos;10.0&apos;, java.version: &apos;20.0.1&apos;&#10;Driver info: org.openqa.selenium.chrome.ChromeDriver&#10;Command: [697e104b13f6f8d9a18bf138c7167d7b, screenshot {}]&#10;Capabilities {acceptInsecureCerts: false, browserName: chrome, browserVersion: 112.0.5615.139, chrome: {chromedriverVersion: 112.0.5615.49 (bd2a7bcb881c..., userDataDir: C:\Users\yours\AppData\Loca...}, goog:chromeOptions: {debuggerAddress: localhost:50035}, networkConnectionEnabled: false, pageLoadStrategy: normal, platformName: WINDOWS, proxy: Proxy(), se:cdp: ws://localhost:50035/devtoo..., se:cdpVersion: 112.0.5615.139, setWindowRect: true, strictFileInteractability: false, timeouts: {implicit: 0, pageLoad: 300000, script: 30000}, unhandledPromptBehavior: dismiss and notify, webauthn:extension:credBlob: true, webauthn:extension:largeBlob: true, webauthn:extension:minPinLength: true, webauthn:extension:prf: true, webauthn:virtualAuthenticators: true}&#10;Session ID: 697e104b13f6f8d9a18bf138c7167d7b" type="org.opentest4j.MultipleFailuresError"><![CDATA[org.opentest4j.MultipleFailuresError: 
Multiple Failures (2 failures)
	org.openqa.selenium.NoSuchElementException: no such element: Unable to locate element: {"method":"xpath","selector":"//*[@href='terminologies']"}
  (Session info: chrome=112.0.5615.139)
For documentation on this error, please visit: https://selenium.dev/exceptions/#no_such_element
Build info: version: '4.9.0', revision: 'd7057100a6'
System info: os.name: 'Windows 11', os.arch: 'amd64', os.version: '10.0', java.version: '20.0.1'
Driver info: org.openqa.selenium.chrome.ChromeDriver
Command: [697e104b13f6f8d9a18bf138c7167d7b, findElement {using=xpath, value=//*[@href='terminologies']}]
Capabilities {acceptInsecureCerts: false, browserName: chrome, browserVersion: 112.0.5615.139, chrome: {chromedriverVersion: 112.0.5615.49 (bd2a7bcb881c..., userDataDir: C:\Users\yours\AppData\Loca...}, goog:chromeOptions: {debuggerAddress: localhost:50035}, networkConnectionEnabled: false, pageLoadStrategy: normal, platformName: WINDOWS, proxy: Proxy(), se:cdp: ws://localhost:50035/devtoo..., se:cdpVersion: 112.0.5615.139, setWindowRect: true, strictFileInteractability: false, timeouts: {implicit: 0, pageLoad: 300000, script: 30000}, unhandledPromptBehavior: dismiss and notify, webauthn:extension:credBlob: true, webauthn:extension:largeBlob: true, webauthn:extension:minPinLength: true, webauthn:extension:prf: true, webauthn:virtualAuthenticators: true}
Session ID: 697e104b13f6f8d9a18bf138c7167d7b
	org.openqa.selenium.WebDriverException: unknown error: unhandled inspector error: {"code":-32000,"message":"Unable to capture screenshot"}
  (Session info: chrome=112.0.5615.139)
Build info: version: '4.9.0', revision: 'd7057100a6'
System info: os.name: 'Windows 11', os.arch: 'amd64', os.version: '10.0', java.version: '20.0.1'
Driver info: org.openqa.selenium.chrome.ChromeDriver
Command: [697e104b13f6f8d9a18bf138c7167d7b, screenshot {}]
Capabilities {acceptInsecureCerts: false, browserName: chrome, browserVersion: 112.0.5615.139, chrome: {chromedriverVersion: 112.0.5615.49 (bd2a7bcb881c..., userDataDir: C:\Users\yours\AppData\Loca...}, goog:chromeOptions: {debuggerAddress: localhost:50035}, networkConnectionEnabled: false, pageLoadStrategy: normal, platformName: WINDOWS, proxy: Proxy(), se:cdp: ws://localhost:50035/devtoo..., se:cdpVersion: 112.0.5615.139, setWindowRect: true, strictFileInteractability: false, timeouts: {implicit: 0, pageLoad: 300000, script: 30000}, unhandledPromptBehavior: dismiss and notify, webauthn:extension:credBlob: true, webauthn:extension:largeBlob: true, webauthn:extension:minPinLength: true, webauthn:extension:prf: true, webauthn:virtualAuthenticators: true}
Session ID: 697e104b13f6f8d9a18bf138c7167d7b
	at org.junit.vintage.engine.execution.TestRun.getStoredResultOrSuccessful(TestRun.java:196)
	at org.junit.vintage.engine.execution.RunListenerAdapter.fireExecutionFinished(RunListenerAdapter.java:226)
	at org.junit.vintage.engine.execution.RunListenerAdapter.testFinished(RunListenerAdapter.java:192)
	at org.junit.vintage.engine.execution.RunListenerAdapter.testFinished(RunListenerAdapter.java:79)
	at org.junit.runner.notification.SynchronizedRunListener.testFinished(SynchronizedRunListener.java:87)
	at org.junit.runner.notification.RunNotifier$9.notifyListener(RunNotifier.java:225)
	at org.junit.runner.notification.RunNotifier$SafeNotifier.run(RunNotifier.java:72)
	at org.junit.runner.notification.RunNotifier.fireTestFinished(RunNotifier.java:222)
	at io.cucumber.junit.FeatureRunner.runChild(FeatureRunner.java:150)
	at io.cucumber.junit.FeatureRunner.runChild(FeatureRunner.java:28)
	at org.junit.runners.ParentRunner$4.run(ParentRunner.java:331)
	at org.junit.runners.ParentRunner$1.schedule(ParentRunner.java:79)
	at org.junit.runners.ParentRunner.runChildren(ParentRunner.java:329)
	at org.junit.runners.ParentRunner.access$100(ParentRunner.java:66)
	at org.junit.runners.ParentRunner$2.evaluate(ParentRunner.java:293)
	at org.junit.runners.ParentRunner$3.evaluate(ParentRunner.java:306)
	at org.junit.runners.ParentRunner.run(ParentRunner.java:413)
	at io.cucumber.junit.FeatureRunner.run(FeatureRunner.java:137)
	at io.cucumber.junit.Cucumber.runChild(Cucumber.java:196)
	at io.cucumber.junit.Cucumber.runChild(Cucumber.java:89)
	at org.junit.runners.ParentRunner$4.run(ParentRunner.java:331)
	at org.junit.runners.ParentRunner$1.schedule(ParentRunner.java:79)
	at org.junit.runners.ParentRunner.runChildren(ParentRunner.java:329)
	at org.junit.runners.ParentRunner.access$100(ParentRunner.java:66)
	at org.junit.runners.ParentRunner$2.evaluate(ParentRunner.java:293)
	at io.cucumber.junit.Cucumber$RunBeforeAllHooks.evaluate(Cucumber.java:266)
	at io.cucumber.junit.Cucumber$RunAfterAllHooks.evaluate(Cucumber.java:281)
	at io.cucumber.junit.Cucumber$StartTestRun.evaluate(Cucumber.java:233)
	at io.cucumber.junit.Cucumber$FinishTestRun.evaluate(Cucumber.java:248)
	at org.junit.runners.ParentRunner$3.evaluate(ParentRunner.java:306)
	at org.junit.runners.ParentRunner.run(ParentRunner.java:413)
	at org.junit.runner.JUnitCore.run(JUnitCore.java:137)
	at org.junit.runner.JUnitCore.run(JUnitCore.java:115)
	at org.junit.vintage.engine.execution.RunnerExecutor.execute(RunnerExecutor.java:43)
	at java.base/java.util.stream.ForEachOps$ForEachOp$OfRef.accept(ForEachOps.java:183)
	at java.base/java.util.stream.ReferencePipeline$3$1.accept(ReferencePipeline.java:197)
	at java.base/java.util.Iterator.forEachRemaining(Iterator.java:133)
	at java.base/java.util.Spliterators$IteratorSpliterator.forEachRemaining(Spliterators.java:1921)
	at java.base/java.util.stream.AbstractPipeline.copyInto(AbstractPipeline.java:509)
	at java.base/java.util.stream.AbstractPipeline.wrapAndCopyInto(AbstractPipeline.java:499)
	at java.base/java.util.stream.ForEachOps$ForEachOp.evaluateSequential(ForEachOps.java:150)
	at java.base/java.util.stream.ForEachOps$ForEachOp$OfRef.evaluateSequential(ForEachOps.java:173)
	at java.base/java.util.stream.AbstractPipeline.evaluate(AbstractPipeline.java:234)
	at java.base/java.util.stream.ReferencePipeline.forEach(ReferencePipeline.java:596)
	at org.junit.vintage.engine.VintageTestEngine.executeAllChildren(VintageTestEngine.java:82)
	at org.junit.vintage.engine.VintageTestEngine.execute(VintageTestEngine.java:73)
	at org.junit.platform.launcher.core.EngineExecutionOrchestrator.execute(EngineExecutionOrchestrator.java:108)
	at org.junit.platform.launcher.core.EngineExecutionOrchestrator.execute(EngineExecutionOrchestrator.java:88)
	at org.junit.platform.launcher.core.EngineExecutionOrchestrator.lambda$execute$0(EngineExecutionOrchestrator.java:54)
	at org.junit.platform.launcher.core.EngineExecutionOrchestrator.withInterceptedStreams(EngineExecutionOrchestrator.java:67)
	at org.junit.platform.launcher.core.EngineExecutionOrchestrator.execute(EngineExecutionOrchestrator.java:52)
	at org.junit.platform.launcher.core.DefaultLauncher.execute(DefaultLauncher.java:96)
	at org.junit.platform.launcher.core.DefaultLauncher.execute(DefaultLauncher.java:75)
	at org.apache.maven.surefire.junitplatform.LazyLauncher.execute(LazyLauncher.java:50)
	at org.apache.maven.surefire.junitplatform.JUnitPlatformProvider.execute(JUnitPlatformProvider.java:184)
	at org.apache.maven.surefire.junitplatform.JUnitPlatformProvider.invokeAllTests(JUnitPlatformProvider.java:148)
	at org.apache.maven.surefire.junitplatform.JUnitPlatformProvider.invoke(JUnitPlatformProvider.java:122)
	at org.apache.maven.surefire.booter.ForkedBooter.runSuitesInProcess(ForkedBooter.java:385)
	at org.apache.maven.surefire.booter.ForkedBooter.execute(ForkedBooter.java:162)
	at org.apache.maven.surefire.booter.ForkedBooter.run(ForkedBooter.java:507)
	at org.apache.maven.surefire.booter.ForkedBooter.main(ForkedBooter.java:495)
]]></failure>
    <system-out><![CDATA[
@Tree
Scenario: The user is able to navigate to "Terminologies" Page                           # src/test/resources/Features/9Trees.feature:40
[INFO ]2023-05-0409:19:02.257[main]utilities.LoggerLoad1]-enter getdriver
[INFO ]2023-05-0409:19:02.260[main]utilities.LoggerLoad1]-getdriver
[INFO ]2023-05-0409:19:02.260[main]utilities.LoggerLoad1]-enter getdriver
[INFO ]2023-05-0409:19:02.260[main]utilities.LoggerLoad1]-driver setup
[INFO ]2023-05-0409:19:02.260[main]utilities.LoggerLoad1]-enter getdriver
  Given The user is on the "Tree page" after logged in                                   # stepdefinitions.Tree_SD.the_user_is_on_the_after_logged_in(java.lang.String)
  When The user clicks on the Terminologies button                                       # stepdefinitions.Tree_SD.the_user_clicks_on_the_terminologies_button()
      org.openqa.selenium.NoSuchElementException: no such element: Unable to locate element: {"method":"xpath","selector":"//*[@href='terminologies']"}
  (Session info: chrome=112.0.5615.139)
For documentation on this error, please visit: https://selenium.dev/exceptions/#no_such_element
Build info: version: '4.9.0', revision: 'd7057100a6'
System info: os.name: 'Windows 11', os.arch: 'amd64', os.version: '10.0', java.version: '20.0.1'
Driver info: org.openqa.selenium.chrome.ChromeDriver
Command: [697e104b13f6f8d9a18bf138c7167d7b, findElement {using=xpath, value=//*[@href='terminologies']}]
Capabilities {acceptInsecureCerts: false, browserName: chrome, browserVersion: 112.0.5615.139, chrome: {chromedriverVersion: 112.0.5615.49 (bd2a7bcb881c..., userDataDir: C:\Users\yours\AppData\Loca...}, goog:chromeOptions: {debuggerAddress: localhost:50035}, networkConnectionEnabled: false, pageLoadStrategy: normal, platformName: WINDOWS, proxy: Proxy(), se:cdp: ws://localhost:50035/devtoo..., se:cdpVersion: 112.0.5615.139, setWindowRect: true, strictFileInteractability: false, timeouts: {implicit: 0, pageLoad: 300000, script: 30000}, unhandledPromptBehavior: dismiss and notify, webauthn:extension:credBlob: true, webauthn:extension:largeBlob: true, webauthn:extension:minPinLength: true, webauthn:extension:prf: true, webauthn:virtualAuthenticators: true}
Session ID: 697e104b13f6f8d9a18bf138c7167d7b
	at java.base/jdk.internal.reflect.DirectConstructorHandleAccessor.newInstance(DirectConstructorHandleAccessor.java:67)
	at java.base/java.lang.reflect.Constructor.newInstanceWithCaller(Constructor.java:500)
	at java.base/java.lang.reflect.Constructor.newInstance(Constructor.java:484)
	at org.openqa.selenium.remote.codec.w3c.W3CHttpResponseCodec.createException(W3CHttpResponseCodec.java:200)
	at org.openqa.selenium.remote.codec.w3c.W3CHttpResponseCodec.decode(W3CHttpResponseCodec.java:133)
	at org.openqa.selenium.remote.codec.w3c.W3CHttpResponseCodec.decode(W3CHttpResponseCodec.java:53)
	at org.openqa.selenium.remote.HttpCommandExecutor.execute(HttpCommandExecutor.java:193)
	at org.openqa.selenium.remote.service.DriverCommandExecutor.invokeExecute(DriverCommandExecutor.java:183)
	at org.openqa.selenium.remote.service.DriverCommandExecutor.execute(DriverCommandExecutor.java:158)
	at org.openqa.selenium.remote.RemoteWebDriver.execute(RemoteWebDriver.java:543)
	at org.openqa.selenium.remote.ElementLocation$ElementFinder$2.findElement(ElementLocation.java:162)
	at org.openqa.selenium.remote.ElementLocation.findElement(ElementLocation.java:60)
	at org.openqa.selenium.remote.RemoteWebDriver.findElement(RemoteWebDriver.java:352)
	at org.openqa.selenium.remote.RemoteWebDriver.findElement(RemoteWebDriver.java:344)
	at org.openqa.selenium.support.pagefactory.DefaultElementLocator.findElement(DefaultElementLocator.java:70)
	at org.openqa.selenium.support.pagefactory.internal.LocatingElementHandler.invoke(LocatingElementHandler.java:39)
	at jdk.proxy2/jdk.proxy2.$Proxy40.click(Unknown Source)
	at PageObjects.TreePage.clickOnTerminologiesLink(TreePage.java:77)
	at stepdefinitions.Tree_SD.the_user_clicks_on_the_terminologies_button(Tree_SD.java:90)
	at ✽.The user clicks on the Terminologies button(file:///C:/Users/yours/git/repository/ds_algo109/src/test/resources/Features/9Trees.feature:42)

  Then The user should be directed to the terminologieslink "Terminologies" of tree Page # stepdefinitions.Tree_SD.the_user_should_be_directed_to_the_terminologieslink_of_tree_page(java.lang.String)
[INFO ]2023-05-0409:19:07.301[main]utilities.LoggerLoad1]-enter getdriver
      org.openqa.selenium.WebDriverException: unknown error: unhandled inspector error: {"code":-32000,"message":"Unable to capture screenshot"}
  (Session info: chrome=112.0.5615.139)
Build info: version: '4.9.0', revision: 'd7057100a6'
System info: os.name: 'Windows 11', os.arch: 'amd64', os.version: '10.0', java.version: '20.0.1'
Driver info: org.openqa.selenium.chrome.ChromeDriver
Command: [697e104b13f6f8d9a18bf138c7167d7b, screenshot {}]
Capabilities {acceptInsecureCerts: false, browserName: chrome, browserVersion: 112.0.5615.139, chrome: {chromedriverVersion: 112.0.5615.49 (bd2a7bcb881c..., userDataDir: C:\Users\yours\AppData\Loca...}, goog:chromeOptions: {debuggerAddress: localhost:50035}, networkConnectionEnabled: false, pageLoadStrategy: normal, platformName: WINDOWS, proxy: Proxy(), se:cdp: ws://localhost:50035/devtoo..., se:cdpVersion: 112.0.5615.139, setWindowRect: true, strictFileInteractability: false, timeouts: {implicit: 0, pageLoad: 300000, script: 30000}, unhandledPromptBehavior: dismiss and notify, webauthn:extension:credBlob: true, webauthn:extension:largeBlob: true, webauthn:extension:minPinLength: true, webauthn:extension:prf: true, webauthn:virtualAuthenticators: true}
Session ID: 697e104b13f6f8d9a18bf138c7167d7b
	at java.base/jdk.internal.reflect.DirectConstructorHandleAccessor.newInstance(DirectConstructorHandleAccessor.java:67)
	at java.base/java.lang.reflect.Constructor.newInstanceWithCaller(Constructor.java:500)
	at java.base/java.lang.reflect.Constructor.newInstance(Constructor.java:484)
	at org.openqa.selenium.remote.codec.w3c.W3CHttpResponseCodec.createException(W3CHttpResponseCodec.java:200)
	at org.openqa.selenium.remote.codec.w3c.W3CHttpResponseCodec.decode(W3CHttpResponseCodec.java:133)
	at org.openqa.selenium.remote.codec.w3c.W3CHttpResponseCodec.decode(W3CHttpResponseCodec.java:53)
	at org.openqa.selenium.remote.HttpCommandExecutor.execute(HttpCommandExecutor.java:193)
	at org.openqa.selenium.remote.service.DriverCommandExecutor.invokeExecute(DriverCommandExecutor.java:183)
	at org.openqa.selenium.remote.service.DriverCommandExecutor.execute(DriverCommandExecutor.java:158)
	at org.openqa.selenium.remote.RemoteWebDriver.execute(RemoteWebDriver.java:543)
	at org.openqa.selenium.remote.RemoteWebDriver.execute(RemoteWebDriver.java:598)
	at org.openqa.selenium.remote.RemoteWebDriver.execute(RemoteWebDriver.java:602)
	at org.openqa.selenium.remote.RemoteWebDriver.getScreenshotAs(RemoteWebDriver.java:318)
	at AllHooks.Hooks.tearDown(Hooks.java:30)

]]></system-out>
    <system-err><![CDATA[Cleaning up unclosed ZipFile for archive C:\Users\yours\git\repository\ds_algo109\.\ExcelData\pythoncode.xlsx
Cleaning up unclosed ZipFile for archive C:\Users\yours\git\repository\ds_algo109\.\ExcelData\pythoncode.xlsx
[1683206347.342][WARNING]: screenshot failed, retrying unknown error: unhandled inspector error: {"code":-32000,"message":"Unable to capture screenshot"}
]]></system-err>
  </testcase>
  <testcase name="The user is able to navigate to Terminologies page having an tryEditor" classname="Evaluate Tree module" time="0.904">
    <system-out><![CDATA[
@Tree
Scenario: The user is able to navigate to Terminologies page having an tryEditor                                    # src/test/resources/Features/9Trees.feature:45
[INFO ]2023-05-0409:19:07.579[main]utilities.LoggerLoad1]-enter getdriver
[INFO ]2023-05-0409:19:07.579[main]utilities.LoggerLoad1]-getdriver
[INFO ]2023-05-0409:19:07.579[main]utilities.LoggerLoad1]-enter getdriver
[INFO ]2023-05-0409:19:07.579[main]utilities.LoggerLoad1]-driver setup
[INFO ]2023-05-0409:19:07.579[main]utilities.LoggerLoad1]-enter getdriver
  Given The user is on the "terminologies page" after logged in                                                     # stepdefinitions.Tree_SD.the_user_is_on_the_after_logged_in(java.lang.String)
[INFO ]2023-05-0409:19:07.590[main]utilities.LoggerLoad1]-enter getdriver
  When user clicks "Try Here" button                                                                                # stepdefinitions.Tree_SD.user_clicks_button(java.lang.String)
  Then The user should be redirected to a page having an tryEditor with a Run button to test for terminologies page # stepdefinitions.Tree_SD.the_user_should_be_redirected_to_a_page_having_an_try_editor_with_a_run_button_to_test_for_terminologies_page()
]]></system-out>
  </testcase>
  <testcase name="The user is able to run code in tryEditor for Terminologies page" classname="Evaluate Tree module" time="2.449">
    <system-out><![CDATA[
@Tree
Scenario Outline: The user is able to run code in tryEditor for Terminologies page                     # src/test/resources/Features/9Trees.feature:58
[INFO ]2023-05-0409:19:08.478[main]utilities.LoggerLoad1]-enter getdriver
[INFO ]2023-05-0409:19:08.478[main]utilities.LoggerLoad1]-getdriver
[INFO ]2023-05-0409:19:08.479[main]utilities.LoggerLoad1]-enter getdriver
[INFO ]2023-05-0409:19:08.479[main]utilities.LoggerLoad1]-driver setup
[INFO ]2023-05-0409:19:08.481[main]utilities.LoggerLoad1]-enter getdriver
  Given The user is in trees page having an tryEditor with a Run button to test for terminologies page # stepdefinitions.Tree_SD.the_user_is_in_trees_page_having_an_try_editor_with_a_run_button_to_test_for_terminologies_page()
[INFO ]2023-05-0409:19:08.484[main]utilities.LoggerLoad1]-enter getdriver
[INFO ]2023-05-0409:19:08.484[main]utilities.LoggerLoad1]-enter getdriver
print'Hello'
print'Hello'
  When The user enter valid python code in tryEditor from sheet "Sheet1" and 0                         # stepdefinitions.ArraysStepdf.the_user_enter_valid_python_code_in_try_editor_from_sheet_and(java.lang.String,java.lang.Integer)
  And User click on run button                                                                         # stepdefinitions.ArraysStepdf.user_click_on_run_button()
output=Hello
  Then User should be presented with run result                                                        # stepdefinitions.ArraysStepdf.user_should_be_presented_with_run_result()
]]></system-out>
  </testcase>
  <testcase name="The user is able to get the error message for invalid syntax for Terminologies page" classname="Evaluate Tree module" time="5.342">
    <error message="no such element: Unable to locate element: {&quot;method&quot;:&quot;xpath&quot;,&quot;selector&quot;:&quot;//form[@id=&apos;answer_form&apos;]/div/div/div/textarea&quot;}&#10;  (Session info: chrome=112.0.5615.139)&#10;For documentation on this error, please visit: https://selenium.dev/exceptions/#no_such_element&#10;Build info: version: &apos;4.9.0&apos;, revision: &apos;d7057100a6&apos;&#10;System info: os.name: &apos;Windows 11&apos;, os.arch: &apos;amd64&apos;, os.version: &apos;10.0&apos;, java.version: &apos;20.0.1&apos;&#10;Driver info: org.openqa.selenium.chrome.ChromeDriver&#10;Command: [697e104b13f6f8d9a18bf138c7167d7b, findElement {using=xpath, value=//form[@id=&apos;answer_form&apos;]/div/div/div/textarea}]&#10;Capabilities {acceptInsecureCerts: false, browserName: chrome, browserVersion: 112.0.5615.139, chrome: {chromedriverVersion: 112.0.5615.49 (bd2a7bcb881c..., userDataDir: C:\Users\yours\AppData\Loca...}, goog:chromeOptions: {debuggerAddress: localhost:50035}, networkConnectionEnabled: false, pageLoadStrategy: normal, platformName: WINDOWS, proxy: Proxy(), se:cdp: ws://localhost:50035/devtoo..., se:cdpVersion: 112.0.5615.139, setWindowRect: true, strictFileInteractability: false, timeouts: {implicit: 0, pageLoad: 300000, script: 30000}, unhandledPromptBehavior: dismiss and notify, webauthn:extension:credBlob: true, webauthn:extension:largeBlob: true, webauthn:extension:minPinLength: true, webauthn:extension:prf: true, webauthn:virtualAuthenticators: true}&#10;Session ID: 697e104b13f6f8d9a18bf138c7167d7b" type="org.openqa.selenium.NoSuchElementException"><![CDATA[org.openqa.selenium.NoSuchElementException: 
no such element: Unable to locate element: {"method":"xpath","selector":"//form[@id='answer_form']/div/div/div/textarea"}
  (Session info: chrome=112.0.5615.139)
For documentation on this error, please visit: https://selenium.dev/exceptions/#no_such_element
Build info: version: '4.9.0', revision: 'd7057100a6'
System info: os.name: 'Windows 11', os.arch: 'amd64', os.version: '10.0', java.version: '20.0.1'
Driver info: org.openqa.selenium.chrome.ChromeDriver
Command: [697e104b13f6f8d9a18bf138c7167d7b, findElement {using=xpath, value=//form[@id='answer_form']/div/div/div/textarea}]
Capabilities {acceptInsecureCerts: false, browserName: chrome, browserVersion: 112.0.5615.139, chrome: {chromedriverVersion: 112.0.5615.49 (bd2a7bcb881c..., userDataDir: C:\Users\yours\AppData\Loca...}, goog:chromeOptions: {debuggerAddress: localhost:50035}, networkConnectionEnabled: false, pageLoadStrategy: normal, platformName: WINDOWS, proxy: Proxy(), se:cdp: ws://localhost:50035/devtoo..., se:cdpVersion: 112.0.5615.139, setWindowRect: true, strictFileInteractability: false, timeouts: {implicit: 0, pageLoad: 300000, script: 30000}, unhandledPromptBehavior: dismiss and notify, webauthn:extension:credBlob: true, webauthn:extension:largeBlob: true, webauthn:extension:minPinLength: true, webauthn:extension:prf: true, webauthn:virtualAuthenticators: true}
Session ID: 697e104b13f6f8d9a18bf138c7167d7b
	at java.base/jdk.internal.reflect.DirectConstructorHandleAccessor.newInstance(DirectConstructorHandleAccessor.java:67)
	at java.base/java.lang.reflect.Constructor.newInstanceWithCaller(Constructor.java:500)
	at java.base/java.lang.reflect.Constructor.newInstance(Constructor.java:484)
	at org.openqa.selenium.remote.codec.w3c.W3CHttpResponseCodec.createException(W3CHttpResponseCodec.java:200)
	at org.openqa.selenium.remote.codec.w3c.W3CHttpResponseCodec.decode(W3CHttpResponseCodec.java:133)
	at org.openqa.selenium.remote.codec.w3c.W3CHttpResponseCodec.decode(W3CHttpResponseCodec.java:53)
	at org.openqa.selenium.remote.HttpCommandExecutor.execute(HttpCommandExecutor.java:193)
	at org.openqa.selenium.remote.service.DriverCommandExecutor.invokeExecute(DriverCommandExecutor.java:183)
	at org.openqa.selenium.remote.service.DriverCommandExecutor.execute(DriverCommandExecutor.java:158)
	at org.openqa.selenium.remote.RemoteWebDriver.execute(RemoteWebDriver.java:543)
	at org.openqa.selenium.remote.ElementLocation$ElementFinder$2.findElement(ElementLocation.java:162)
	at org.openqa.selenium.remote.ElementLocation.findElement(ElementLocation.java:60)
	at org.openqa.selenium.remote.RemoteWebDriver.findElement(RemoteWebDriver.java:352)
	at org.openqa.selenium.remote.RemoteWebDriver.findElement(RemoteWebDriver.java:344)
	at org.openqa.selenium.support.pagefactory.DefaultElementLocator.findElement(DefaultElementLocator.java:70)
	at org.openqa.selenium.support.pagefactory.internal.LocatingElementHandler.invoke(LocatingElementHandler.java:39)
	at jdk.proxy2/jdk.proxy2.$Proxy40.sendKeys(Unknown Source)
	at PageObjects.Arrays.Txtarea(Arrays.java:62)
	at stepdefinitions.ArraysStepdf.the_user_enter_invalid_python_code_in_try_editor_from_sheet_and(ArraysStepdf.java:108)
	at ✽.The user enter invalid python code in tryEditor from sheet "Sheet1" and 1(file:///C:/Users/yours/git/repository/ds_algo109/src/test/resources/Features/9Trees.feature:62)
]]></error>
    <system-out><![CDATA[
@Tree
Scenario Outline: The user is able to get the error message for invalid syntax for Terminologies page # src/test/resources/Features/9Trees.feature:68
[INFO ]2023-05-0409:19:10.936[main]utilities.LoggerLoad1]-enter getdriver
[INFO ]2023-05-0409:19:10.938[main]utilities.LoggerLoad1]-getdriver
[INFO ]2023-05-0409:19:10.938[main]utilities.LoggerLoad1]-enter getdriver
[INFO ]2023-05-0409:19:10.938[main]utilities.LoggerLoad1]-driver setup
[INFO ]2023-05-0409:19:10.941[main]utilities.LoggerLoad1]-enter getdriver
  Given The user is in trees page having an tryEditor with a Run button to test                       # stepdefinitions.Tree_SD.the_user_is_in_trees_page_having_an_try_editor_with_a_run_button_to_test()
[INFO ]2023-05-0409:19:10.950[main]utilities.LoggerLoad1]-enter getdriver
[INFO ]2023-05-0409:19:10.950[main]utilities.LoggerLoad1]-enter getdriver
Hi
  When The user enter invalid python code in tryEditor from sheet "Sheet1" and 1                      # stepdefinitions.ArraysStepdf.the_user_enter_invalid_python_code_in_try_editor_from_sheet_and(java.lang.String,java.lang.Integer)
      org.openqa.selenium.NoSuchElementException: no such element: Unable to locate element: {"method":"xpath","selector":"//form[@id='answer_form']/div/div/div/textarea"}
  (Session info: chrome=112.0.5615.139)
For documentation on this error, please visit: https://selenium.dev/exceptions/#no_such_element
Build info: version: '4.9.0', revision: 'd7057100a6'
System info: os.name: 'Windows 11', os.arch: 'amd64', os.version: '10.0', java.version: '20.0.1'
Driver info: org.openqa.selenium.chrome.ChromeDriver
Command: [697e104b13f6f8d9a18bf138c7167d7b, findElement {using=xpath, value=//form[@id='answer_form']/div/div/div/textarea}]
Capabilities {acceptInsecureCerts: false, browserName: chrome, browserVersion: 112.0.5615.139, chrome: {chromedriverVersion: 112.0.5615.49 (bd2a7bcb881c..., userDataDir: C:\Users\yours\AppData\Loca...}, goog:chromeOptions: {debuggerAddress: localhost:50035}, networkConnectionEnabled: false, pageLoadStrategy: normal, platformName: WINDOWS, proxy: Proxy(), se:cdp: ws://localhost:50035/devtoo..., se:cdpVersion: 112.0.5615.139, setWindowRect: true, strictFileInteractability: false, timeouts: {implicit: 0, pageLoad: 300000, script: 30000}, unhandledPromptBehavior: dismiss and notify, webauthn:extension:credBlob: true, webauthn:extension:largeBlob: true, webauthn:extension:minPinLength: true, webauthn:extension:prf: true, webauthn:virtualAuthenticators: true}
Session ID: 697e104b13f6f8d9a18bf138c7167d7b
	at java.base/jdk.internal.reflect.DirectConstructorHandleAccessor.newInstance(DirectConstructorHandleAccessor.java:67)
	at java.base/java.lang.reflect.Constructor.newInstanceWithCaller(Constructor.java:500)
	at java.base/java.lang.reflect.Constructor.newInstance(Constructor.java:484)
	at org.openqa.selenium.remote.codec.w3c.W3CHttpResponseCodec.createException(W3CHttpResponseCodec.java:200)
[...]
Driver info: org.openqa.selenium.chrome.ChromeDriver
Command: [697e104b13f6f8d9a18bf138c7167d7b, screenshot {}]
Capabilities {acceptInsecureCerts: false, browserName: chrome, browserVersion: 112.0.5615.139, chrome: {chromedriverVersion: 112.0.5615.49 (bd2a7bcb881c..., userDataDir: C:\Users\yours\AppData\Loca...}, goog:chromeOptions: {debuggerAddress: localhost:50035}, networkConnectionEnabled: false, pageLoadStrategy: normal, platformName: WINDOWS, proxy: Proxy(), se:cdp: ws://localhost:50035/devtoo..., se:cdpVersion: 112.0.5615.139, setWindowRect: true, strictFileInteractability: false, timeouts: {implicit: 0, pageLoad: 300000, script: 30000}, unhandledPromptBehavior: dismiss and notify, webauthn:extension:credBlob: true, webauthn:extension:largeBlob: true, webauthn:extension:minPinLength: true, webauthn:extension:prf: true, webauthn:virtualAuthenticators: true}
Session ID: 697e104b13f6f8d9a18bf138c7167d7b
	at java.base/jdk.internal.reflect.DirectConstructorHandleAccessor.newInstance(DirectConstructorHandleAccessor.java:67)
	at java.base/java.lang.reflect.Constructor.newInstanceWithCaller(Constructor.java:500)
	at java.base/java.lang.reflect.Constructor.newInstance(Constructor.java:484)
	at org.openqa.selenium.remote.codec.w3c.W3CHttpResponseCodec.createException(W3CHttpResponseCodec.java:200)
	at org.openqa.selenium.remote.codec.w3c.W3CHttpResponseCodec.decode(W3CHttpResponseCodec.java:133)
	at org.openqa.selenium.remote.codec.w3c.W3CHttpResponseCodec.decode(W3CHttpResponseCodec.java:53)
	at org.openqa.selenium.remote.HttpCommandExecutor.execute(HttpCommandExecutor.java:193)
	at org.openqa.selenium.remote.service.DriverCommandExecutor.invokeExecute(DriverCommandExecutor.java:183)
	at org.openqa.selenium.remote.service.DriverCommandExecutor.execute(DriverCommandExecutor.java:158)
	at org.openqa.selenium.remote.RemoteWebDriver.execute(RemoteWebDriver.java:543)
	at org.openqa.selenium.remote.RemoteWebDriver.execute(RemoteWebDriver.java:598)
	at org.openqa.selenium.remote.RemoteWebDriver.execute(RemoteWebDriver.java:602)
	at org.openqa.selenium.remote.RemoteWebDriver.getScreenshotAs(RemoteWebDriver.java:318)
	at AllHooks.Hooks.tearDown(Hooks.java:30)

]]></system-out>
  </testcase>
  <testcase name="The user validating &quot;Practice Questions&quot; page" classname="Evaluate Tree module" time="0.084">
    <failure message="Multiple Failures (2 failures)&#10;	org.openqa.selenium.NoSuchWindowException: no such window: target window already closed&#10;from unknown error: web view not found&#10;  (Session info: chrome=112.0.5615.139)&#10;Build info: version: &apos;4.9.0&apos;, revision: &apos;d7057100a6&apos;&#10;System info: os.name: &apos;Windows 11&apos;, os.arch: &apos;amd64&apos;, os.version: &apos;10.0&apos;, java.version: &apos;20.0.1&apos;&#10;Driver info: org.openqa.selenium.chrome.ChromeDriver&#10;Command: [697e104b13f6f8d9a18bf138c7167d7b, findElement {using=xpath, value=//*[@href=&apos;overview-of-trees&apos;]}]&#10;Capabilities {acceptInsecureCerts: false, browserName: chrome, browserVersion: 112.0.5615.139, chrome: {chromedriverVersion: 112.0.5615.49 (bd2a7bcb881c..., userDataDir: C:\Users\yours\AppData\Loca...}, goog:chromeOptions: {debuggerAddress: localhost:50035}, networkConnectionEnabled: false, pageLoadStrategy: normal, platformName: WINDOWS, proxy: Proxy(), se:cdp: ws://localhost:50035/devtoo..., se:cdpVersion: 112.0.5615.139, setWindowRect: true, strictFileInteractability: false, timeouts: {implicit: 0, pageLoad: 300000, script: 30000}, unhandledPromptBehavior: dismiss and notify, webauthn:extension:credBlob: true, webauthn:extension:largeBlob: true, webauthn:extension:minPinLength: true, webauthn:extension:prf: true, webauthn:virtualAuthenticators: true}&#10;Session ID: 697e104b13f6f8d9a18bf138c7167d7b&#10;	org.openqa.selenium.NoSuchWindowException: no such window: target window already closed&#10;from unknown error: web view not found&#10;  (Session info: chrome=112.0.5615.139)&#10;Build info: version: &apos;4.9.0&apos;, revision: &apos;d7057100a6&apos;&#10;System info: os.name: &apos;Windows 11&apos;, os.arch: &apos;amd64&apos;, os.version: &apos;10.0&apos;, java.version: &apos;20.0.1&apos;&#10;Driver info: org.openqa.selenium.chrome.ChromeDriver&#10;Command: [697e104b13f6f8d9a18bf138c7167d7b, screenshot {}]&#10;Capabilities {acceptInsecureCerts: false, browserName: chrome, browserVersion: 112.0.5615.139, chrome: {chromedriverVersion: 112.0.5615.49 (bd2a7bcb881c..., userDataDir: C:\Users\yours\AppData\Loca...}, goog:chromeOptions: {debuggerAddress: localhost:50035}, networkConnectionEnabled: false, pageLoadStrategy: normal, platformName: WINDOWS, proxy: Proxy(), se:cdp: ws://localhost:50035/devtoo..., se:cdpVersion: 112.0.5615.139, setWindowRect: true, strictFileInteractability: false, timeouts: {implicit: 0, pageLoad: 300000, script: 30000}, unhandledPromptBehavior: dismiss and notify, webauthn:extension:credBlob: true, webauthn:extension:largeBlob: true, webauthn:extension:minPinLength: true, webauthn:extension:prf: true, webauthn:virtualAuthenticators: true}&#10;Session ID: 697e104b13f6f8d9a18bf138c7167d7b" type="org.opentest4j.MultipleFailuresError"><![CDATA[org.opentest4j.MultipleFailuresError: 
Multiple Failures (2 failures)
	org.openqa.selenium.NoSuchWindowException: no such window: target window already closed
from unknown error: web view not found
  (Session info: chrome=112.0.5615.139)
Build info: version: '4.9.0', revision: 'd7057100a6'
System info: os.name: 'Windows 11', os.arch: 'amd64', os.version: '10.0', java.version: '20.0.1'
Driver info: org.openqa.selenium.chrome.ChromeDriver
Command: [697e104b13f6f8d9a18bf138c7167d7b, findElement {using=xpath, value=//*[@href='overview-of-trees']}]
Capabilities {acceptInsecureCerts: false, browserName: chrome, browserVersion: 112.0.5615.139, chrome: {chromedriverVersion: 112.0.5615.49 (bd2a7bcb881c..., userDataDir: C:\Users\yours\AppData\Loca...}, goog:chromeOptions: {debuggerAddress: localhost:50035}, networkConnectionEnabled: false, pageLoadStrategy: normal, platformName: WINDOWS, proxy: Proxy(), se:cdp: ws://localhost:50035/devtoo..., se:cdpVersion: 112.0.5615.139, setWindowRect: true, strictFileInteractability: false, timeouts: {implicit: 0, pageLoad: 300000, script: 30000}, unhandledPromptBehavior: dismiss and notify, webauthn:extension:credBlob: true, webauthn:extension:largeBlob: true, webauthn:extension:minPinLength: true, webauthn:extension:prf: true, webauthn:virtualAuthenticators: true}
Session ID: 697e104b13f6f8d9a18bf138c7167d7b
	org.openqa.selenium.NoSuchWindowException: no such window: target window already closed
from unknown error: web view not found
  (Session info: chrome=112.0.5615.139)
Build info: version: '4.9.0', revision: 'd7057100a6'
System info: os.name: 'Windows 11', os.arch: 'amd64', os.version: '10.0', java.version: '20.0.1'
Driver info: org.openqa.selenium.chrome.ChromeDriver
Command: [697e104b13f6f8d9a18bf138c7167d7b, screenshot {}]
Capabilities {acceptInsecureCerts: false, browserName: chrome, browserVersion: 112.0.5615.139, chrome: {chromedriverVersion: 112.0.5615.49 (bd2a7bcb881c..., userDataDir: C:\Users\yours\AppData\Loca...}, goog:chromeOptions: {debuggerAddress: localhost:50035}, networkConnectionEnabled: false, pageLoadStrategy: normal, platformName: WINDOWS, proxy: Proxy(), se:cdp: ws://localhost:50035/devtoo..., se:cdpVersion: 112.0.5615.139, setWindowRect: true, strictFileInteractability: false, timeouts: {implicit: 0, pageLoad: 300000, script: 30000}, unhandledPromptBehavior: dismiss and notify, webauthn:extension:credBlob: true, webauthn:extension:largeBlob: true, webauthn:extension:minPinLength: true, webauthn:extension:prf: true, webauthn:virtualAuthenticators: true}
Session ID: 697e104b13f6f8d9a18bf138c7167d7b
	at org.junit.vintage.engine.execution.TestRun.getStoredResultOrSuccessful(TestRun.java:196)
	at org.junit.vintage.engine.execution.RunListenerAdapter.fireExecutionFinished(RunListenerAdapter.java:226)
	at org.junit.vintage.engine.execution.RunListenerAdapter.testFinished(RunListenerAdapter.java:192)
	at org.junit.vintage.engine.execution.RunListenerAdapter.testFinished(RunListenerAdapter.java:79)
	at org.junit.runner.notification.SynchronizedRunListener.testFinished(SynchronizedRunListener.java:87)
	at org.junit.runner.notification.RunNotifier$9.notifyListener(RunNotifier.java:225)
	at org.junit.runner.notification.RunNotifier$SafeNotifier.run(RunNotifier.java:72)
	at org.junit.runner.notification.RunNotifier.fireTestFinished(RunNotifier.java:222)
	at io.cucumber.junit.FeatureRunner.runChild(FeatureRunner.java:150)
	at io.cucumber.junit.FeatureRunner.runChild(FeatureRunner.java:28)
	at org.junit.runners.ParentRunner$4.run(ParentRunner.java:331)
	at org.junit.runners.ParentRunner$1.schedule(ParentRunner.java:79)
	at org.junit.runners.ParentRunner.runChildren(ParentRunner.java:329)
	at org.junit.runners.ParentRunner.access$100(ParentRunner.java:66)
	at org.junit.runners.ParentRunner$2.evaluate(ParentRunner.java:293)
	at org.junit.runners.ParentRunner$3.evaluate(ParentRunner.java:306)
	at org.junit.runners.ParentRunner.run(ParentRunner.java:413)
	at io.cucumber.junit.FeatureRunner.run(FeatureRunner.java:137)
	at io.cucumber.junit.Cucumber.runChild(Cucumber.java:196)
	at io.cucumber.junit.Cucumber.runChild(Cucumber.java:89)
	at org.junit.runners.ParentRunner$4.run(ParentRunner.java:331)
	at org.junit.runners.ParentRunner$1.schedule(ParentRunner.java:79)
	at org.junit.runners.ParentRunner.runChildren(ParentRunner.java:329)
	at org.junit.runners.ParentRunner.access$100(ParentRunner.java:66)
	at org.junit.runners.ParentRunner$2.evaluate(ParentRunner.java:293)
	at io.cucumber.junit.Cucumber$RunBeforeAllHooks.evaluate(Cucumber.java:266)
	at io.cucumber.junit.Cucumber$RunAfterAllHooks.evaluate(Cucumber.java:281)
	at io.cucumber.junit.Cucumber$StartTestRun.evaluate(Cucumber.java:233)
	at io.cucumber.junit.Cucumber$FinishTestRun.evaluate(Cucumber.java:248)
	at org.junit.runners.ParentRunner$3.evaluate(ParentRunner.java:306)
	at org.junit.runners.ParentRunner.run(ParentRunner.java:413)
	at org.junit.runner.JUnitCore.run(JUnitCore.java:137)
	at org.junit.runner.JUnitCore.run(JUnitCore.java:115)
	at org.junit.vintage.engine.execution.RunnerExecutor.execute(RunnerExecutor.java:43)
	at java.base/java.util.stream.ForEachOps$ForEachOp$OfRef.accept(ForEachOps.java:183)
	at java.base/java.util.stream.ReferencePipeline$3$1.accept(ReferencePipeline.java:197)
	at java.base/java.util.Iterator.forEachRemaining(Iterator.java:133)
	at java.base/java.util.Spliterators$IteratorSpliterator.forEachRemaining(Spliterators.java:1921)
	at java.base/java.util.stream.AbstractPipeline.copyInto(AbstractPipeline.java:509)
	at java.base/java.util.stream.AbstractPipeline.wrapAndCopyInto(AbstractPipeline.java:499)
	at java.base/java.util.stream.ForEachOps$ForEachOp.evaluateSequential(ForEachOps.java:150)
	at java.base/java.util.stream.ForEachOps$ForEachOp$OfRef.evaluateSequential(ForEachOps.java:173)
	at java.base/java.util.stream.AbstractPipeline.evaluate(AbstractPipeline.java:234)
	at java.base/java.util.stream.ReferencePipeline.forEach(ReferencePipeline.java:596)
	at org.junit.vintage.engine.VintageTestEngine.executeAllChildren(VintageTestEngine.java:82)
	at org.junit.vintage.engine.VintageTestEngine.execute(VintageTestEngine.java:73)
	at org.junit.platform.launcher.core.EngineExecutionOrchestrator.execute(EngineExecutionOrchestrator.java:108)
	at org.junit.platform.launcher.core.EngineExecutionOrchestrator.execute(EngineExecutionOrchestrator.java:88)
	at org.junit.platform.launcher.core.EngineExecutionOrchestrator.lambda$execute$0(EngineExecutionOrchestrator.java:54)
	at org.junit.platform.launcher.core.EngineExecutionOrchestrator.withInterceptedStreams(EngineExecutionOrchestrator.java:67)
	at org.junit.platform.launcher.core.EngineExecutionOrchestrator.execute(EngineExecutionOrchestrator.java:52)
	at org.junit.platform.launcher.core.DefaultLauncher.execute(DefaultLauncher.java:96)
	at org.junit.platform.launcher.core.DefaultLauncher.execute(DefaultLauncher.java:75)
	at org.apache.maven.surefire.junitplatform.LazyLauncher.execute(LazyLauncher.java:50)
	at org.apache.maven.surefire.junitplatform.JUnitPlatformProvider.execute(JUnitPlatformProvider.java:184)
	at org.apache.maven.surefire.junitplatform.JUnitPlatformProvider.invokeAllTests(JUnitPlatformProvider.java:148)
	at org.apache.maven.surefire.junitplatform.JUnitPlatformProvider.invoke(JUnitPlatformProvider.java:122)
	at org.apache.maven.surefire.booter.ForkedBooter.runSuitesInProcess(ForkedBooter.java:385)
	at org.apache.maven.surefire.booter.ForkedBooter.execute(ForkedBooter.java:162)
	at org.apache.maven.surefire.booter.ForkedBooter.run(ForkedBooter.java:507)
	at org.apache.maven.surefire.booter.ForkedBooter.main(ForkedBooter.java:495)
]]></failure>
    <system-out><![CDATA[
@Tree
Scenario: The user validating "Practice Questions" page                    # src/test/resources/Features/9Trees.feature:402
[INFO ]2023-05-0409:21:27.119[main]utilities.LoggerLoad1]-enter getdriver
[INFO ]2023-05-0409:21:27.119[main]utilities.LoggerLoad1]-getdriver
[INFO ]2023-05-0409:21:27.120[main]utilities.LoggerLoad1]-enter getdriver
[INFO ]2023-05-0409:21:27.121[main]utilities.LoggerLoad1]-driver setup
[INFO ]2023-05-0409:21:27.124[main]utilities.LoggerLoad1]-enter getdriver
  Given The user is on the "Tree page" after logged in                     # stepdefinitions.Tree_SD.the_user_is_on_the_after_logged_in(java.lang.String)
  When The user clicks on the Overview of Trees link                       # stepdefinitions.Tree_SD.the_user_clicks_on_the_overview_of_trees_link()
      org.openqa.selenium.NoSuchWindowException: no such window: target window already closed
from unknown error: web view not found
  (Session info: chrome=112.0.5615.139)
Build info: version: '4.9.0', revision: 'd7057100a6'
System info: os.name: 'Windows 11', os.arch: 'amd64', os.version: '10.0', java.version: '20.0.1'
Driver info: org.openqa.selenium.chrome.ChromeDriver
Command: [697e104b13f6f8d9a18bf138c7167d7b, findElement {using=xpath, value=//*[@href='overview-of-trees']}]
Capabilities {acceptInsecureCerts: false, browserName: chrome, browserVersion: 112.0.5615.139, chrome: {chromedriverVersion: 112.0.5615.49 (bd2a7bcb881c..., userDataDir: C:\Users\yours\AppData\Loca...}, goog:chromeOptions: {debuggerAddress: localhost:50035}, networkConnectionEnabled: false, pageLoadStrategy: normal, platformName: WINDOWS, proxy: Proxy(), se:cdp: ws://localhost:50035/devtoo..., se:cdpVersion: 112.0.5615.139, setWindowRect: true, strictFileInteractability: false, timeouts: {implicit: 0, pageLoad: 300000, script: 30000}, unhandledPromptBehavior: dismiss and notify, webauthn:extension:credBlob: true, webauthn:extension:largeBlob: true, webauthn:extension:minPinLength: true, webauthn:extension:prf: true, webauthn:virtualAuthenticators: true}
Session ID: 697e104b13f6f8d9a18bf138c7167d7b
	at java.base/jdk.internal.reflect.DirectConstructorHandleAccessor.newInstance(DirectConstructorHandleAccessor.java:67)
	at java.base/java.lang.reflect.Constructor.newInstanceWithCaller(Constructor.java:500)
	at java.base/java.lang.reflect.Constructor.newInstance(Constructor.java:484)
	at org.openqa.selenium.remote.codec.w3c.W3CHttpResponseCodec.createException(W3CHttpResponseCodec.java:200)
	at org.openqa.selenium.remote.codec.w3c.W3CHttpResponseCodec.decode(W3CHttpResponseCodec.java:133)
	at org.openqa.selenium.remote.codec.w3c.W3CHttpResponseCodec.decode(W3CHttpResponseCodec.java:53)
	at org.openqa.selenium.remote.HttpCommandExecutor.execute(HttpCommandExecutor.java:193)
	at org.openqa.selenium.remote.service.DriverCommandExecutor.invokeExecute(DriverCommandExecutor.java:183)
	at org.openqa.selenium.remote.service.DriverCommandExecutor.execute(DriverCommandExecutor.java:158)
	at org.openqa.selenium.remote.RemoteWebDriver.execute(RemoteWebDriver.java:543)
	at org.openqa.selenium.remote.ElementLocation$ElementFinder$2.findElement(ElementLocation.java:162)
	at org.openqa.selenium.remote.ElementLocation.findElement(ElementLocation.java:60)
	at org.openqa.selenium.remote.RemoteWebDriver.findElement(RemoteWebDriver.java:352)
	at org.openqa.selenium.remote.RemoteWebDriver.findElement(RemoteWebDriver.java:344)
	at org.openqa.selenium.support.pagefactory.DefaultElementLocator.findElement(DefaultElementLocator.java:70)
	at org.openqa.selenium.support.pagefactory.internal.LocatingElementHandler.invoke(LocatingElementHandler.java:39)
	at jdk.proxy2/jdk.proxy2.$Proxy40.click(Unknown Source)
	at PageObjects.TreePage.clickOnoverviewOfTreesPage(TreePage.java:56)
	at stepdefinitions.Tree_SD.the_user_clicks_on_the_overview_of_trees_link(Tree_SD.java:325)
	at ✽.The user clicks on the Overview of Trees link(file:///C:/Users/yours/git/repository/ds_algo109/src/test/resources/Features/9Trees.feature:404)

  When The user clicks on the Practice Questions in Overview of Trees      # stepdefinitions.Tree_SD.the_user_clicks_on_the_practice_questions_in_overview_of_trees()
  Then The user should be directed to Practice Questions of tree page Page # stepdefinitions.Tree_SD.the_user_should_be_directed_to_practice_questions_of_tree_page_page()
[INFO ]2023-05-0409:21:27.129[main]utilities.LoggerLoad1]-enter getdriver
      org.openqa.selenium.NoSuchWindowException: no such window: target window already closed
from unknown error: web view not found
  (Session info: chrome=112.0.5615.139)
Build info: version: '4.9.0', revision: 'd7057100a6'
System info: os.name: 'Windows 11', os.arch: 'amd64', os.version: '10.0', java.version: '20.0.1'
Driver info: org.openqa.selenium.chrome.ChromeDriver
Command: [697e104b13f6f8d9a18bf138c7167d7b, screenshot {}]
Capabilities {acceptInsecureCerts: false, browserName: chrome, browserVersion: 112.0.5615.139, chrome: {chromedriverVersion: 112.0.5615.49 (bd2a7bcb881c..., userDataDir: C:\Users\yours\AppData\Loca...}, goog:chromeOptions: {debuggerAddress: localhost:50035}, networkConnectionEnabled: false, pageLoadStrategy: normal, platformName: WINDOWS, proxy: Proxy(), se:cdp: ws://localhost:50035/devtoo..., se:cdpVersion: 112.0.5615.139, setWindowRect: true, strictFileInteractability: false, timeouts: {implicit: 0, pageLoad: 300000, script: 30000}, unhandledPromptBehavior: dismiss and notify, webauthn:extension:credBlob: true, webauthn:extension:largeBlob: true, webauthn:extension:minPinLength: true, webauthn:extension:prf: true, webauthn:virtualAuthenticators: true}
Session ID: 697e104b13f6f8d9a18bf138c7167d7b
	at java.base/jdk.internal.reflect.DirectConstructorHandleAccessor.newInstance(DirectConstructorHandleAccessor.java:67)
	at java.base/java.lang.reflect.Constructor.newInstanceWithCaller(Constructor.java:500)
	at java.base/java.lang.reflect.Constructor.newInstance(Constructor.java:484)
	at org.openqa.selenium.remote.codec.w3c.W3CHttpResponseCodec.createException(W3CHttpResponseCodec.java:200)
	at org.openqa.selenium.remote.codec.w3c.W3CHttpResponseCodec.decode(W3CHttpResponseCodec.java:133)
	at org.openqa.selenium.remote.codec.w3c.W3CHttpResponseCodec.decode(W3CHttpResponseCodec.java:53)
	at org.openqa.selenium.remote.HttpCommandExecutor.execute(HttpCommandExecutor.java:193)
	at org.openqa.selenium.remote.service.DriverCommandExecutor.invokeExecute(DriverCommandExecutor.java:183)
	at org.openqa.selenium.remote.service.DriverCommandExecutor.execute(DriverCommandExecutor.java:158)
	at org.openqa.selenium.remote.RemoteWebDriver.execute(RemoteWebDriver.java:543)
	at org.openqa.selenium.remote.RemoteWebDriver.execute(RemoteWebDriver.java:598)
	at org.openqa.selenium.remote.RemoteWebDriver.execute(RemoteWebDriver.java:602)
	at org.openqa.selenium.remote.RemoteWebDriver.getScreenshotAs(RemoteWebDriver.java:318)
	at AllHooks.Hooks.tearDown(Hooks.java:30)

]]></system-out>
  </testcase>
</testsuite>