<?xml version="1.0" encoding="UTF-8"?>
<testng-results ignored="0" total="4" passed="4" failed="0" skipped="0">
  <reporter-output>
  </reporter-output>
  <suite started-at="2023-05-05T12:37:08 EDT" name="Default suite" finished-at="2023-05-05T12:37:51 EDT" duration-ms="43455">
    <groups>
      <group name="cucumber">
        <method signature="AbstractTestNGCucumberTests.runScenario(io.cucumber.testng.PickleWrapper,io.cucumber.testng.FeatureWrapper)[pri:0, instance:TestRunners.testNGrunner@5dafbe45]" name="runScenario" class="io.cucumber.testng.AbstractTestNGCucumberTests"/>
      </group> <!-- cucumber -->
    </groups>
    <test started-at="2023-05-05T12:37:08 EDT" name="Default test" finished-at="2023-05-05T12:37:51 EDT" duration-ms="43455">
      <class name="TestRunners.testNGrunner">
        <test-method is-config="true" signature="setUpClass(org.testng.ITestContext)[pri:0, instance:TestRunners.testNGrunner@5dafbe45]" started-at="2023-05-05T12:37:08 EDT" name="setUpClass" finished-at="2023-05-05T12:37:09 EDT" duration-ms="785" status="PASS">
          <params>
            <param index="0">
              <value>
                <![CDATA[org.testng.TestRunner@48692405]]>
              </value>
            </param>
          </params>
          <reporter-output>
          </reporter-output>
        </test-method> <!-- setUpClass -->
        <test-method signature="runScenario(io.cucumber.testng.PickleWrapper,io.cucumber.testng.FeatureWrapper)[pri:0, instance:TestRunners.testNGrunner@5dafbe45]" started-at="2023-05-05T12:37:09 EDT" name="runScenario" description="Runs Cucumber Scenarios" data-provider="scenarios" finished-at="2023-05-05T12:37:42 EDT" duration-ms="33480" status="PASS">
          <params>
            <param index="0">
              <value>
                <![CDATA["User on login page and login with inavalid and validinputs from Excel"Sheet1" and0"]]>
              </value>
            </param>
            <param index="1">
              <value>
                <![CDATA["Optional[User enter valid and invalid credentials for login]"]]>
              </value>
            </param>
          </params>
          <reporter-output>
          </reporter-output>
        </test-method> <!-- runScenario -->
        <test-method signature="runScenario(io.cucumber.testng.PickleWrapper,io.cucumber.testng.FeatureWrapper)[pri:0, instance:TestRunners.testNGrunner@5dafbe45]" started-at="2023-05-05T12:37:42 EDT" name="runScenario" description="Runs Cucumber Scenarios" data-provider="scenarios" finished-at="2023-05-05T12:37:45 EDT" duration-ms="2631" status="PASS">
          <params>
            <param index="0">
              <value>
                <![CDATA["User on login page and login with inavalid and validinputs from Excel"Sheet1" and1"]]>
              </value>
            </param>
            <param index="1">
              <value>
                <![CDATA["Optional[User enter valid and invalid credentials for login]"]]>
              </value>
            </param>
          </params>
          <reporter-output>
          </reporter-output>
        </test-method> <!-- runScenario -->
        <test-method signature="runScenario(io.cucumber.testng.PickleWrapper,io.cucumber.testng.FeatureWrapper)[pri:0, instance:TestRunners.testNGrunner@5dafbe45]" started-at="2023-05-05T12:37:45 EDT" name="runScenario" description="Runs Cucumber Scenarios" data-provider="scenarios" finished-at="2023-05-05T12:37:48 EDT" duration-ms="3123" status="PASS">
          <params>
            <param index="0">
              <value>
                <![CDATA["User on login page and login with inavalid and validinputs from Excel"Sheet1" and2"]]>
              </value>
            </param>
            <param index="1">
              <value>
                <![CDATA["Optional[User enter valid and invalid credentials for login]"]]>
              </value>
            </param>
          </params>
          <reporter-output>
          </reporter-output>
        </test-method> <!-- runScenario -->
        <test-method signature="runScenario(io.cucumber.testng.PickleWrapper,io.cucumber.testng.FeatureWrapper)[pri:0, instance:TestRunners.testNGrunner@5dafbe45]" started-at="2023-05-05T12:37:48 EDT" name="runScenario" description="Runs Cucumber Scenarios" data-provider="scenarios" finished-at="2023-05-05T12:37:51 EDT" duration-ms="2898" status="PASS">
          <params>
            <param index="0">
              <value>
                <![CDATA["User on login page and login with inavalid and validinputs from Excel"Sheet1" and3"]]>
              </value>
            </param>
            <param index="1">
              <value>
                <![CDATA["Optional[User enter valid and invalid credentials for login]"]]>
              </value>
            </param>
          </params>
          <reporter-output>
          </reporter-output>
        </test-method> <!-- runScenario -->
        <test-method is-config="true" signature="tearDownClass()[pri:0, instance:TestRunners.testNGrunner@5dafbe45]" started-at="2023-05-05T12:37:51 EDT" name="tearDownClass" finished-at="2023-05-05T12:37:51 EDT" duration-ms="99" status="PASS">
          <reporter-output>
          </reporter-output>
        </test-method> <!-- tearDownClass -->
      </class> <!-- TestRunners.testNGrunner -->
    </test> <!-- Default test -->
  </suite> <!-- Default suite -->
</testng-results>
